#
# There is insufficient memory for the Java Runtime Environment to continue.
# Native memory allocation (mmap) failed to map 320864256 bytes for G1 virtual space
# Possible reasons:
#   The system is out of physical RAM or swap space
#   The process is running with CompressedOops enabled, and the Java Heap may be blocking the growth of the native heap
# Possible solutions:
#   Reduce memory load on the system
#   Increase physical memory or swap space
#   Check if swap backing store is full
#   Decrease Java heap size (-Xmx/-Xms)
#   Decrease number of Java threads
#   Decrease Java thread stack sizes (-Xss)
#   Set larger code cache with -XX:ReservedCodeCacheSize=
#   JVM is running with Unscaled Compressed Oops mode in which the Java heap is
#     placed in the first 4GB address space. The Java Heap base address is the
#     maximum limit for the native heap growth. Please use -XX:HeapBaseMinAddress
#     to set the Java Heap base and to place the Java Heap above 4GB virtual address.
# This output file may be truncated or incomplete.
#
#  Out of Memory Error (os_windows.cpp:3530), pid=18208, tid=7148
#
# JRE version: Java(TM) SE Runtime Environment (18.0.2.1+1) (build 18.0.2.1+1-1)
# Java VM: Java HotSpot(TM) 64-Bit Server VM (18.0.2.1+1-1, mixed mode, sharing, tiered, compressed oops, compressed class ptrs, g1 gc, windows-amd64)
# No core dump will be written. Minidumps are not enabled by default on client versions of Windows
#

---------------  S U M M A R Y ------------

Command Line: -XX:MaxMetaspaceSize=512m --add-opens=java.base/java.util=ALL-UNNAMED --add-opens=java.base/java.lang=ALL-UNNAMED --add-opens=java.base/java.lang.invoke=ALL-UNNAMED --add-opens=java.prefs/java.util.prefs=ALL-UNNAMED --add-opens=java.base/java.nio.charset=ALL-UNNAMED --add-opens=java.base/java.net=ALL-UNNAMED --add-opens=java.base/java.util.concurrent.atomic=ALL-UNNAMED -Xmx2048m -Dfile.encoding=UTF-8 -Duser.country=CO -Duser.language=es -Duser.variant org.gradle.launcher.daemon.bootstrap.GradleDaemon 8.0.1

Host: 11th Gen Intel(R) Core(TM) i5-1135G7 @ 2.40GHz, 8 cores, 7G,  Windows 11 , 64 bit Build 22621 (10.0.22621.2506)
Time: Sun Nov 19 04:10:17 2023 Hora est. Pacífico, Sudamérica elapsed time: 15263.050096 seconds (0d 4h 14m 23s)

---------------  T H R E A D  ---------------

Current thread (0x0000012598d04e10):  VMThread "VM Thread" [stack: 0x0000001bf6f00000,0x0000001bf7000000] [id=7148]

Stack: [0x0000001bf6f00000,0x0000001bf7000000]
Native frames: (J=compiled Java code, j=interpreted, Vv=VM code, C=native code)
V  [jvm.dll+0x6993aa]
V  [jvm.dll+0x7f46dd]
V  [jvm.dll+0x7f5fee]
V  [jvm.dll+0x7f66a3]
V  [jvm.dll+0x25cf1f]
V  [jvm.dll+0x6962f9]
V  [jvm.dll+0x68ae2a]
V  [jvm.dll+0x32255b]
V  [jvm.dll+0x329f36]
V  [jvm.dll+0x37eade]
V  [jvm.dll+0x37ed0f]
V  [jvm.dll+0x2fa2da]
V  [jvm.dll+0x2fa387]
V  [jvm.dll+0x33e8c2]
V  [jvm.dll+0x33ce64]
V  [jvm.dll+0x2f9ab0]
V  [jvm.dll+0x33c43b]
V  [jvm.dll+0x7fb48b]
V  [jvm.dll+0x7fc224]
V  [jvm.dll+0x7fc75c]
V  [jvm.dll+0x7fcbb4]
V  [jvm.dll+0x7fcc77]
V  [jvm.dll+0x7a120a]
V  [jvm.dll+0x698255]
C  [ucrtbase.dll+0x29363]
C  [KERNEL32.DLL+0x1257d]
C  [ntdll.dll+0x5aa58]

VM_Operation (0x0000001bf67fedb0): G1CollectForAllocation, mode: safepoint, requested by thread 0x00000125a0a2ad20


---------------  P R O C E S S  ---------------

Threads class SMR info:
_java_thread_list=0x00000125a1675510, length=135, elements={
0x00000125faa8a370, 0x0000012598d0e790, 0x0000012598d0f130, 0x0000012598d21910,
0x0000012598d222b0, 0x0000012598d24c60, 0x0000012598d25600, 0x0000012598d262d0,
0x0000012598d42f60, 0x0000012598d53920, 0x000001259d0add50, 0x000001259d0b4400,
0x000001259e5edb30, 0x000001259e7ae850, 0x000001259e1a79d0, 0x000001259db1c4a0,
0x000001259d33a310, 0x000001259d1d1c40, 0x000001259d1d62a0, 0x000001259dadad40,
0x000001259dad9a00, 0x000001259dada870, 0x000001259dadb210, 0x000001259dadc080,
0x000001259dadc550, 0x000001259dadb6e0, 0x000001259dad8b90, 0x000001259f200ef0,
0x000001259f202230, 0x000001259f206a60, 0x000001259f2043e0, 0x000001259f205bf0,
0x000001259f205720, 0x000001259f2060c0, 0x000001259f201890, 0x000001259f2078d0,
0x000001259f204d80, 0x000001259f202700, 0x000001259f206f30, 0x000001259f203570,
0x000001259f205250, 0x000001259f203a40, 0x000001259f203f10, 0x000001259f200550,
0x000001259f200a20, 0x00000125a0a2b6c0, 0x00000125a0a2e6e0, 0x00000125a0a2dd40,
0x00000125a0a281d0, 0x00000125a0a27830, 0x00000125a0a2ebb0, 0x00000125a0a2ca00,
0x00000125a0a286a0, 0x00000125a0a2ced0, 0x00000125a0a2b1f0, 0x00000125a0a27d00,
0x00000125a0a299e0, 0x00000125a0a2bb90, 0x00000125a0a27360, 0x00000125a0a2d3a0,
0x00000125a0a2a850, 0x00000125a0a2c060, 0x00000125a0a2c530, 0x00000125a0a2d870,
0x00000125a0a29eb0, 0x00000125a0a28b70, 0x00000125a0a2e210, 0x00000125a0a29040,
0x00000125a0a29510, 0x00000125a0a2a380, 0x00000125a0a2ad20, 0x000001259fa6b190,
0x000001259fa69980, 0x000001259fa6c4d0, 0x000001259fa69e50, 0x000001259fa6a320,
0x000001259fa6ce70, 0x000001259fa6d340, 0x000001259fa6d810, 0x000001259fa6bb30,
0x000001259fa68b10, 0x000001259fa6a7f0, 0x000001259fa6e1b0, 0x000001259fa66e30,
0x000001259fa6e680, 0x000001259fa67300, 0x000001259fa677d0, 0x000001259fa68640,
0x000001259fa68fe0, 0x000001259fa694b0, 0x000001259dad9ed0, 0x00000125a0881090,
0x00000125a087f3b0, 0x00000125a0881a30, 0x00000125a087b9f0, 0x00000125a087dba0,
0x00000125a0880220, 0x00000125a087eee0, 0x00000125a087bec0, 0x00000125a08806f0,
0x00000125a0880bc0, 0x00000125a0881f00, 0x00000125a087d200, 0x00000125a08828a0,
0x00000125a087d6d0, 0x00000125a0881560, 0x00000125a087f880, 0x00000125a087e540,
0x00000125a087fd50, 0x00000125a087cd30, 0x00000125a08823d0, 0x00000125a087b520,
0x00000125a087c390, 0x00000125a087c860, 0x00000125a087e070, 0x00000125a087ea10,
0x000001259e9d0440, 0x000001259e9d1780, 0x000001259e9d12b0, 0x000001259e9d5fb0,
0x000001259e9d0910, 0x000001259e9d1c50, 0x000001259e9d0de0, 0x000001259e9d3930,
0x000001259e9d2120, 0x000001259e9d77c0, 0x000001259e9d25f0, 0x000001259e9d2f90,
0x000001259e9d42d0, 0x000001259e9d47a0, 0x000001259e9d2ac0, 0x000001259e9d3460,
0x000001259e9d5140, 0x000001259e9d4c70, 0x000001259e9d3e00
}

Java Threads: ( => current thread )
  0x00000125faa8a370 JavaThread "main" [_thread_blocked, id=13188, stack(0x0000001bf6800000,0x0000001bf6900000)]
  0x0000012598d0e790 JavaThread "Reference Handler" daemon [_thread_blocked, id=17772, stack(0x0000001bf7000000,0x0000001bf7100000)]
  0x0000012598d0f130 JavaThread "Finalizer" daemon [_thread_blocked, id=17812, stack(0x0000001bf7100000,0x0000001bf7200000)]
  0x0000012598d21910 JavaThread "Signal Dispatcher" daemon [_thread_blocked, id=17776, stack(0x0000001bf7200000,0x0000001bf7300000)]
  0x0000012598d222b0 JavaThread "Attach Listener" daemon [_thread_blocked, id=7696, stack(0x0000001bf7300000,0x0000001bf7400000)]
  0x0000012598d24c60 JavaThread "Service Thread" daemon [_thread_blocked, id=17836, stack(0x0000001bf7400000,0x0000001bf7500000)]
  0x0000012598d25600 JavaThread "Monitor Deflation Thread" daemon [_thread_blocked, id=7840, stack(0x0000001bf7500000,0x0000001bf7600000)]
  0x0000012598d262d0 JavaThread "C2 CompilerThread0" daemon [_thread_blocked, id=4576, stack(0x0000001bf7600000,0x0000001bf7700000)]
  0x0000012598d42f60 JavaThread "C1 CompilerThread0" daemon [_thread_blocked, id=4552, stack(0x0000001bf7700000,0x0000001bf7800000)]
  0x0000012598d53920 JavaThread "Sweeper thread" daemon [_thread_blocked, id=12952, stack(0x0000001bf7800000,0x0000001bf7900000)]
  0x000001259d0add50 JavaThread "Common-Cleaner" daemon [_thread_blocked, id=18116, stack(0x0000001bf7900000,0x0000001bf7a00000)]
  0x000001259d0b4400 JavaThread "Notification Thread" daemon [_thread_blocked, id=18268, stack(0x0000001bf7a00000,0x0000001bf7b00000)]
  0x000001259e5edb30 JavaThread "Daemon health stats" [_thread_blocked, id=19372, stack(0x0000001bf8000000,0x0000001bf8100000)]
  0x000001259e7ae850 JavaThread "Incoming local TCP Connector on port 49972" [_thread_in_native, id=18508, stack(0x0000001bf8100000,0x0000001bf8200000)]
  0x000001259e1a79d0 JavaThread "Daemon periodic checks" [_thread_blocked, id=18948, stack(0x0000001bf8200000,0x0000001bf8300000)]
  0x000001259db1c4a0 JavaThread "Daemon" [_thread_blocked, id=11116, stack(0x0000001bf8300000,0x0000001bf8400000)]
  0x000001259d33a310 JavaThread "Handler for socket connection from /127.0.0.1:49972 to /127.0.0.1:49974" [_thread_in_native, id=18188, stack(0x0000001bf8400000,0x0000001bf8500000)]
  0x000001259d1d1c40 JavaThread "Cancel handler" [_thread_blocked, id=3568, stack(0x0000001bf8500000,0x0000001bf8600000)]
  0x000001259d1d62a0 JavaThread "Daemon worker" [_thread_in_native, id=6920, stack(0x0000001bf8600000,0x0000001bf8700000)]
  0x000001259dadad40 JavaThread "Asynchronous log dispatcher for DefaultDaemonConnection: socket connection from /127.0.0.1:49972 to /127.0.0.1:49974" [_thread_blocked, id=7584, stack(0x0000001bf8700000,0x0000001bf8800000)]
  0x000001259dad9a00 JavaThread "Daemon client event forwarder" [_thread_blocked, id=8740, stack(0x0000001bf8900000,0x0000001bf8a00000)]
  0x000001259dada870 JavaThread "Cache worker for journal cache (C:\Users\Home\.gradle\caches\journal-1)" [_thread_blocked, id=9308, stack(0x0000001bf8a00000,0x0000001bf8b00000)]
  0x000001259dadb210 JavaThread "File lock request listener" [_thread_in_native, id=3040, stack(0x0000001bf8b00000,0x0000001bf8c00000)]
  0x000001259dadc080 JavaThread "File lock release action executor" [_thread_blocked, id=3916, stack(0x0000001bf8c00000,0x0000001bf8d00000)]
  0x000001259dadc550 JavaThread "Cache worker for file hash cache (C:\Users\Home\.gradle\caches\8.0.1\fileHashes)" [_thread_blocked, id=8948, stack(0x0000001bf8d00000,0x0000001bf8e00000)]
  0x000001259dadb6e0 JavaThread "File watcher server" daemon [_thread_in_native, id=6272, stack(0x0000001bf9100000,0x0000001bf9200000)]
  0x000001259dad8b90 JavaThread "File watcher consumer" daemon [_thread_blocked, id=13076, stack(0x0000001bf9200000,0x0000001bf9300000)]
  0x000001259f200ef0 JavaThread "Cache worker for checksums cache (C:\Users\Home\Desktop\Proyecto U\Shopee-T\android\.gradle\8.0.1\checksums)" [_thread_blocked, id=7580, stack(0x0000001bf9300000,0x0000001bf9400000)]
  0x000001259f202230 JavaThread "Cache worker for cache directory md-rule (C:\Users\Home\.gradle\caches\8.0.1\md-rule)" [_thread_blocked, id=7160, stack(0x0000001bf9500000,0x0000001bf9600000)]
  0x000001259f206a60 JavaThread "Cache worker for file content cache (C:\Users\Home\.gradle\caches\8.0.1\fileContent)" [_thread_blocked, id=9544, stack(0x0000001bf9600000,0x0000001bf9700000)]
  0x000001259f2043e0 JavaThread "Cache worker for file hash cache (C:\Users\Home\Desktop\Proyecto U\Shopee-T\android\.gradle\8.0.1\fileHashes)" [_thread_blocked, id=8428, stack(0x0000001bf9700000,0x0000001bf9800000)]
  0x000001259f205bf0 JavaThread "Cache worker for cache directory md-supplier (C:\Users\Home\.gradle\caches\8.0.1\md-supplier)" [_thread_blocked, id=5756, stack(0x0000001bf9800000,0x0000001bf9900000)]
  0x000001259f205720 JavaThread "Cache worker for execution history cache (C:\Users\Home\.gradle\caches\8.0.1\executionHistory)" [_thread_blocked, id=6796, stack(0x0000001bf9900000,0x0000001bf9a00000)]
  0x000001259f2060c0 JavaThread "jar transforms" [_thread_blocked, id=10092, stack(0x0000001bf9a00000,0x0000001bf9b00000)]
  0x000001259f201890 JavaThread "jar transforms Thread 2" [_thread_blocked, id=15024, stack(0x0000001bf9b00000,0x0000001bf9c00000)]
  0x000001259f2078d0 JavaThread "jar transforms Thread 3" [_thread_blocked, id=15252, stack(0x0000001bf9c00000,0x0000001bf9d00000)]
  0x000001259f204d80 JavaThread "jar transforms Thread 4" [_thread_blocked, id=15216, stack(0x0000001bf9d00000,0x0000001bf9e00000)]
  0x000001259f202700 JavaThread "Cache worker for kotlin-dsl (C:\Users\Home\.gradle\caches\8.0.1\kotlin-dsl)" [_thread_blocked, id=6288, stack(0x0000001bfa000000,0x0000001bfa100000)]
  0x000001259f206f30 JavaThread "jar transforms Thread 5" [_thread_blocked, id=16208, stack(0x0000001bfa100000,0x0000001bfa200000)]
  0x000001259f203570 JavaThread "jar transforms Thread 6" [_thread_blocked, id=12376, stack(0x0000001bfa200000,0x0000001bfa300000)]
  0x000001259f205250 JavaThread "Cache worker for dependencies-accessors (C:\Users\Home\Desktop\Proyecto U\Shopee-T\android\.gradle\8.0.1\dependencies-accessors)" [_thread_blocked, id=15964, stack(0x0000001bfa300000,0x0000001bfa400000)]
  0x000001259f203a40 JavaThread "Cache worker for Build Output Cleanup Cache (C:\Users\Home\Desktop\Proyecto U\Shopee-T\node_modules\@react-native\gradle-plugin\.gradle\buildOutputCleanup)" [_thread_blocked, id=8356, stack(0x0000001bfa400000,0x0000001bfa500000)]
  0x000001259f203f10 JavaThread "jar transforms Thread 7" [_thread_blocked, id=7772, stack(0x0000001bfa500000,0x0000001bfa600000)]
  0x000001259f200550 JavaThread "Unconstrained build operations" [_thread_blocked, id=1976, stack(0x0000001bfa600000,0x0000001bfa700000)]
  0x000001259f200a20 JavaThread "Unconstrained build operations Thread 2" [_thread_blocked, id=4980, stack(0x0000001bfa700000,0x0000001bfa800000)]
  0x00000125a0a2b6c0 JavaThread "Unconstrained build operations Thread 3" [_thread_blocked, id=9244, stack(0x0000001bfa800000,0x0000001bfa900000)]
  0x00000125a0a2e6e0 JavaThread "Unconstrained build operations Thread 4" [_thread_blocked, id=19160, stack(0x0000001bfa900000,0x0000001bfaa00000)]
  0x00000125a0a2dd40 JavaThread "Unconstrained build operations Thread 5" [_thread_blocked, id=1752, stack(0x0000001bfaa00000,0x0000001bfab00000)]
  0x00000125a0a281d0 JavaThread "Unconstrained build operations Thread 6" [_thread_blocked, id=9240, stack(0x0000001bfab00000,0x0000001bfac00000)]
  0x00000125a0a27830 JavaThread "Unconstrained build operations Thread 7" [_thread_blocked, id=19172, stack(0x0000001bfac00000,0x0000001bfad00000)]
  0x00000125a0a2ebb0 JavaThread "Unconstrained build operations Thread 8" [_thread_blocked, id=19148, stack(0x0000001bfad00000,0x0000001bfae00000)]
  0x00000125a0a2ca00 JavaThread "Unconstrained build operations Thread 9" [_thread_blocked, id=19164, stack(0x0000001bfae00000,0x0000001bfaf00000)]
  0x00000125a0a286a0 JavaThread "Unconstrained build operations Thread 10" [_thread_blocked, id=19152, stack(0x0000001bfaf00000,0x0000001bfb000000)]
  0x00000125a0a2ced0 JavaThread "Unconstrained build operations Thread 11" [_thread_blocked, id=18796, stack(0x0000001bfb000000,0x0000001bfb100000)]
  0x00000125a0a2b1f0 JavaThread "Unconstrained build operations Thread 12" [_thread_blocked, id=8892, stack(0x0000001bfb100000,0x0000001bfb200000)]
  0x00000125a0a27d00 JavaThread "Unconstrained build operations Thread 13" [_thread_blocked, id=6956, stack(0x0000001bfb200000,0x0000001bfb300000)]
  0x00000125a0a299e0 JavaThread "Unconstrained build operations Thread 14" [_thread_blocked, id=5620, stack(0x0000001bfb300000,0x0000001bfb400000)]
  0x00000125a0a2bb90 JavaThread "Unconstrained build operations Thread 15" [_thread_blocked, id=4468, stack(0x0000001bfb400000,0x0000001bfb500000)]
  0x00000125a0a27360 JavaThread "Unconstrained build operations Thread 16" [_thread_blocked, id=9832, stack(0x0000001bfb500000,0x0000001bfb600000)]
  0x00000125a0a2d3a0 JavaThread "Unconstrained build operations Thread 17" [_thread_blocked, id=2524, stack(0x0000001bfb600000,0x0000001bfb700000)]
  0x00000125a0a2a850 JavaThread "Unconstrained build operations Thread 18" [_thread_blocked, id=17368, stack(0x0000001bfb700000,0x0000001bfb800000)]
  0x00000125a0a2c060 JavaThread "Unconstrained build operations Thread 19" [_thread_blocked, id=1496, stack(0x0000001bfb800000,0x0000001bfb900000)]
  0x00000125a0a2c530 JavaThread "Unconstrained build operations Thread 20" [_thread_blocked, id=19264, stack(0x0000001bfb900000,0x0000001bfba00000)]
  0x00000125a0a2d870 JavaThread "Unconstrained build operations Thread 21" [_thread_blocked, id=19232, stack(0x0000001bfba00000,0x0000001bfbb00000)]
  0x00000125a0a29eb0 JavaThread "Unconstrained build operations Thread 22" [_thread_blocked, id=19228, stack(0x0000001bfbb00000,0x0000001bfbc00000)]
  0x00000125a0a28b70 JavaThread "Unconstrained build operations Thread 23" [_thread_blocked, id=19252, stack(0x0000001bfbc00000,0x0000001bfbd00000)]
  0x00000125a0a2e210 JavaThread "Unconstrained build operations Thread 24" [_thread_blocked, id=1604, stack(0x0000001bfbd00000,0x0000001bfbe00000)]
  0x00000125a0a29040 JavaThread "Unconstrained build operations Thread 25" [_thread_blocked, id=19256, stack(0x0000001bfbe00000,0x0000001bfbf00000)]
  0x00000125a0a29510 JavaThread "Unconstrained build operations Thread 26" [_thread_blocked, id=11988, stack(0x0000001bfbf00000,0x0000001bfc000000)]
  0x00000125a0a2a380 JavaThread "jar transforms Thread 8" [_thread_blocked, id=13644, stack(0x0000001bfc000000,0x0000001bfc100000)]
  0x00000125a0a2ad20 JavaThread "Memory manager" [_thread_blocked, id=15876, stack(0x0000001bf6700000,0x0000001bf6800000)]
  0x000001259fa6b190 JavaThread "Cache worker for Build Output Cleanup Cache (C:\Users\Home\Desktop\Proyecto U\Shopee-T\android\.gradle\buildOutputCleanup)" [_thread_blocked, id=17380, stack(0x0000001bf6900000,0x0000001bf6a00000)]
  0x000001259fa69980 JavaThread "included builds" [_thread_blocked, id=5952, stack(0x0000001bf8800000,0x0000001bf8900000)]
  0x000001259fa6c4d0 JavaThread "Execution worker" [_thread_blocked, id=9128, stack(0x0000001bfc100000,0x0000001bfc200000)]
  0x000001259fa69e50 JavaThread "Execution worker Thread 2" [_thread_blocked, id=1532, stack(0x0000001bfc200000,0x0000001bfc300000)]
  0x000001259fa6a320 JavaThread "Execution worker Thread 3" [_thread_blocked, id=9136, stack(0x0000001bfc300000,0x0000001bfc400000)]
  0x000001259fa6ce70 JavaThread "Execution worker Thread 4" [_thread_blocked, id=1644, stack(0x0000001bfc400000,0x0000001bfc500000)]
  0x000001259fa6d340 JavaThread "Execution worker Thread 5" [_thread_blocked, id=6068, stack(0x0000001bfc500000,0x0000001bfc600000)]
  0x000001259fa6d810 JavaThread "Execution worker Thread 6" [_thread_blocked, id=5544, stack(0x0000001bfc600000,0x0000001bfc700000)]
  0x000001259fa6bb30 JavaThread "Execution worker Thread 7" [_thread_blocked, id=6012, stack(0x0000001bfc700000,0x0000001bfc800000)]
  0x000001259fa68b10 JavaThread "Cache worker for execution history cache (C:\Users\Home\Desktop\Proyecto U\Shopee-T\node_modules\@react-native\gradle-plugin\.gradle\8.0.1\executionHistory)" [_thread_blocked, id=14332, stack(0x0000001bfc800000,0x0000001bfc900000)]
  0x000001259fa6a7f0 JavaThread "Unconstrained build operations Thread 27" [_thread_blocked, id=7356, stack(0x0000001bfc900000,0x0000001bfca00000)]
  0x000001259fa6e1b0 JavaThread "Unconstrained build operations Thread 28" [_thread_blocked, id=7264, stack(0x0000001bfca00000,0x0000001bfcb00000)]
  0x000001259fa66e30 JavaThread "Unconstrained build operations Thread 29" [_thread_blocked, id=8404, stack(0x0000001bfcb00000,0x0000001bfcc00000)]
  0x000001259fa6e680 JavaThread "Unconstrained build operations Thread 30" [_thread_blocked, id=6472, stack(0x0000001bfcc00000,0x0000001bfcd00000)]
  0x000001259fa67300 JavaThread "Unconstrained build operations Thread 31" [_thread_blocked, id=9740, stack(0x0000001bfcd00000,0x0000001bfce00000)]
  0x000001259fa677d0 JavaThread "Unconstrained build operations Thread 32" [_thread_blocked, id=9580, stack(0x0000001bfce00000,0x0000001bfcf00000)]
  0x000001259fa68640 JavaThread "Unconstrained build operations Thread 33" [_thread_blocked, id=7136, stack(0x0000001bfcf00000,0x0000001bfd000000)]
  0x000001259fa68fe0 JavaThread "Unconstrained build operations Thread 34" [_thread_blocked, id=2312, stack(0x0000001bfd000000,0x0000001bfd100000)]
  0x000001259fa694b0 JavaThread "Unconstrained build operations Thread 35" [_thread_blocked, id=8692, stack(0x0000001bfd100000,0x0000001bfd200000)]
  0x000001259dad9ed0 JavaThread "Unconstrained build operations Thread 36" [_thread_blocked, id=9316, stack(0x0000001bfd200000,0x0000001bfd300000)]
  0x00000125a0881090 JavaThread "Unconstrained build operations Thread 37" [_thread_blocked, id=8676, stack(0x0000001bfd300000,0x0000001bfd400000)]
  0x00000125a087f3b0 JavaThread "Unconstrained build operations Thread 38" [_thread_blocked, id=8956, stack(0x0000001bfd400000,0x0000001bfd500000)]
  0x00000125a0881a30 JavaThread "Unconstrained build operations Thread 39" [_thread_blocked, id=8392, stack(0x0000001bfd500000,0x0000001bfd600000)]
  0x00000125a087b9f0 JavaThread "Unconstrained build operations Thread 40" [_thread_blocked, id=7560, stack(0x0000001bfd600000,0x0000001bfd700000)]
  0x00000125a087dba0 JavaThread "Unconstrained build operations Thread 41" [_thread_blocked, id=10876, stack(0x0000001bfd700000,0x0000001bfd800000)]
  0x00000125a0880220 JavaThread "Unconstrained build operations Thread 42" [_thread_blocked, id=10880, stack(0x0000001bfd800000,0x0000001bfd900000)]
  0x00000125a087eee0 JavaThread "Unconstrained build operations Thread 43" [_thread_blocked, id=7536, stack(0x0000001bfd900000,0x0000001bfda00000)]
  0x00000125a087bec0 JavaThread "Unconstrained build operations Thread 44" [_thread_blocked, id=9500, stack(0x0000001bfda00000,0x0000001bfdb00000)]
  0x00000125a08806f0 JavaThread "Unconstrained build operations Thread 45" [_thread_blocked, id=6572, stack(0x0000001bfdb00000,0x0000001bfdc00000)]
  0x00000125a0880bc0 JavaThread "Unconstrained build operations Thread 46" [_thread_blocked, id=17844, stack(0x0000001bfdc00000,0x0000001bfdd00000)]
  0x00000125a0881f00 JavaThread "Unconstrained build operations Thread 47" [_thread_blocked, id=10360, stack(0x0000001bfdd00000,0x0000001bfde00000)]
  0x00000125a087d200 JavaThread "Unconstrained build operations Thread 48" [_thread_blocked, id=10356, stack(0x0000001bfde00000,0x0000001bfdf00000)]
  0x00000125a08828a0 JavaThread "Unconstrained build operations Thread 49" [_thread_blocked, id=17860, stack(0x0000001bfdf00000,0x0000001bfe000000)]
  0x00000125a087d6d0 JavaThread "Unconstrained build operations Thread 50" [_thread_blocked, id=1264, stack(0x0000001bfe000000,0x0000001bfe100000)]
  0x00000125a0881560 JavaThread "Unconstrained build operations Thread 51" [_thread_blocked, id=12760, stack(0x0000001bfe100000,0x0000001bfe200000)]
  0x00000125a087f880 JavaThread "Unconstrained build operations Thread 52" [_thread_blocked, id=10176, stack(0x0000001bfe200000,0x0000001bfe300000)]
  0x00000125a087e540 JavaThread "Unconstrained build operations Thread 53" [_thread_blocked, id=19320, stack(0x0000001bfe300000,0x0000001bfe400000)]
  0x00000125a087fd50 JavaThread "Unconstrained build operations Thread 54" [_thread_blocked, id=12664, stack(0x0000001bfe400000,0x0000001bfe500000)]
  0x00000125a087cd30 JavaThread "Unconstrained build operations Thread 55" [_thread_blocked, id=5976, stack(0x0000001bfe500000,0x0000001bfe600000)]
  0x00000125a08823d0 JavaThread "Unconstrained build operations Thread 56" [_thread_blocked, id=12860, stack(0x0000001bfe600000,0x0000001bfe700000)]
  0x00000125a087b520 JavaThread "Unconstrained build operations Thread 57" [_thread_blocked, id=14600, stack(0x0000001bfe700000,0x0000001bfe800000)]
  0x00000125a087c390 JavaThread "Unconstrained build operations Thread 58" [_thread_blocked, id=8332, stack(0x0000001bfe800000,0x0000001bfe900000)]
  0x00000125a087c860 JavaThread "Unconstrained build operations Thread 59" [_thread_blocked, id=10440, stack(0x0000001bfe900000,0x0000001bfea00000)]
  0x00000125a087e070 JavaThread "Unconstrained build operations Thread 60" [_thread_blocked, id=19176, stack(0x0000001bfea00000,0x0000001bfeb00000)]
  0x00000125a087ea10 JavaThread "Unconstrained build operations Thread 61" [_thread_blocked, id=8056, stack(0x0000001bfeb00000,0x0000001bfec00000)]
  0x000001259e9d0440 JavaThread "Unconstrained build operations Thread 62" [_thread_blocked, id=1276, stack(0x0000001bfec00000,0x0000001bfed00000)]
  0x000001259e9d1780 JavaThread "Unconstrained build operations Thread 63" [_thread_blocked, id=19216, stack(0x0000001bfed00000,0x0000001bfee00000)]
  0x000001259e9d12b0 JavaThread "Unconstrained build operations Thread 64" [_thread_blocked, id=1780, stack(0x0000001bfee00000,0x0000001bfef00000)]
  0x000001259e9d5fb0 JavaThread "Unconstrained build operations Thread 65" [_thread_blocked, id=3388, stack(0x0000001bfef00000,0x0000001bff000000)]
  0x000001259e9d0910 JavaThread "Unconstrained build operations Thread 66" [_thread_blocked, id=3076, stack(0x0000001bff000000,0x0000001bff100000)]
  0x000001259e9d1c50 JavaThread "Unconstrained build operations Thread 67" [_thread_blocked, id=2884, stack(0x0000001bff100000,0x0000001bff200000)]
  0x000001259e9d0de0 JavaThread "Unconstrained build operations Thread 68" [_thread_blocked, id=2096, stack(0x0000001bff200000,0x0000001bff300000)]
  0x000001259e9d3930 JavaThread "Unconstrained build operations Thread 69" [_thread_blocked, id=4964, stack(0x0000001bff300000,0x0000001bff400000)]
  0x000001259e9d2120 JavaThread "Unconstrained build operations Thread 70" [_thread_blocked, id=6396, stack(0x0000001bff400000,0x0000001bff500000)]
  0x000001259e9d77c0 JavaThread "Unconstrained build operations Thread 71" [_thread_blocked, id=2860, stack(0x0000001bff500000,0x0000001bff600000)]
  0x000001259e9d25f0 JavaThread "Unconstrained build operations Thread 72" [_thread_blocked, id=3108, stack(0x0000001bff600000,0x0000001bff700000)]
  0x000001259e9d2f90 JavaThread "Unconstrained build operations Thread 73" [_thread_blocked, id=2576, stack(0x0000001bff700000,0x0000001bff800000)]
  0x000001259e9d42d0 JavaThread "Unconstrained build operations Thread 74" [_thread_blocked, id=8240, stack(0x0000001bff800000,0x0000001bff900000)]
  0x000001259e9d47a0 JavaThread "Unconstrained build operations Thread 75" [_thread_blocked, id=12568, stack(0x0000001bff900000,0x0000001bffa00000)]
  0x000001259e9d2ac0 JavaThread "Unconstrained build operations Thread 76" [_thread_blocked, id=2540, stack(0x0000001bffa00000,0x0000001bffb00000)]
  0x000001259e9d3460 JavaThread "Unconstrained build operations Thread 77" [_thread_blocked, id=2464, stack(0x0000001bffb00000,0x0000001bffc00000)]
  0x000001259e9d5140 JavaThread "Unconstrained build operations Thread 78" [_thread_blocked, id=2536, stack(0x0000001bffc00000,0x0000001bffd00000)]
  0x000001259e9d4c70 JavaThread "Unconstrained build operations Thread 79" [_thread_blocked, id=2584, stack(0x0000001bffd00000,0x0000001bffe00000)]
  0x000001259e9d3e00 JavaThread "Unconstrained build operations Thread 80" [_thread_blocked, id=2568, stack(0x0000001bffe00000,0x0000001bfff00000)]

Other Threads:
=>0x0000012598d04e10 VMThread "VM Thread" [stack: 0x0000001bf6f00000,0x0000001bf7000000] [id=7148]
  0x000001259d0b90e0 WatcherThread "VM Periodic Task Thread" [stack: 0x0000001bf7b00000,0x0000001bf7c00000] [id=7608]
  0x00000125faae9f90 WorkerThread "GC Thread#0" [stack: 0x0000001bf6a00000,0x0000001bf6b00000] [id=6268]
  0x000001259d46bc40 WorkerThread "GC Thread#1" [stack: 0x0000001bf7c00000,0x0000001bf7d00000] [id=18900]
  0x000001259d46bee0 WorkerThread "GC Thread#2" [stack: 0x0000001bf7d00000,0x0000001bf7e00000] [id=18904]
  0x000001259da67810 WorkerThread "GC Thread#3" [stack: 0x0000001bf7e00000,0x0000001bf7f00000] [id=18912]
  0x000001259da24800 WorkerThread "GC Thread#4" [stack: 0x0000001bf7f00000,0x0000001bf8000000] [id=19268]
  0x00000125a005ed30 WorkerThread "GC Thread#5" [stack: 0x0000001bf8e00000,0x0000001bf8f00000] [id=7172]
  0x000001259da6b1b0 WorkerThread "GC Thread#6" [stack: 0x0000001bf8f00000,0x0000001bf9000000] [id=7604]
  0x000001259e98e2e0 WorkerThread "GC Thread#7" [stack: 0x0000001bf9000000,0x0000001bf9100000] [id=7916]
  0x00000125faafced0 ConcurrentGCThread "G1 Main Marker" [stack: 0x0000001bf6b00000,0x0000001bf6c00000] [id=6124]
  0x00000125faafd8c0 WorkerThread "G1 Conc#0" [stack: 0x0000001bf6c00000,0x0000001bf6d00000] [id=5460]
  0x000001259f6c8d40 WorkerThread "G1 Conc#1" [stack: 0x0000001bf9400000,0x0000001bf9500000] [id=6664]
  0x00000125fab3e490 ConcurrentGCThread "G1 Refine#0" [stack: 0x0000001bf6d00000,0x0000001bf6e00000] [id=9076]
  0x00000125a17a2280 ConcurrentGCThread "G1 Refine#1" [stack: 0x0000001bf9f00000,0x0000001bfa000000] [id=22780]
  0x00000125a17a1740 ConcurrentGCThread "G1 Refine#2" [stack: 0x0000001bfff00000,0x0000001c00000000] [id=22788]
  0x0000012598bbe0e0 ConcurrentGCThread "G1 Service" [stack: 0x0000001bf6e00000,0x0000001bf6f00000] [id=17616]

Threads with active compile tasks:
C2 CompilerThread0  15263112 10722       4       org.gradle.launcher.daemon.server.health.gc.GarbageCollectionCheck::run (198 bytes)

VM state: at safepoint (normal execution)

VM Mutex/Monitor currently owned by a thread:  ([mutex/lock_event])
[0x00000125faa88d40] Threads_lock - owner thread: 0x0000012598d04e10
[0x00000125faa89f40] Heap_lock - owner thread: 0x00000125a0a2ad20

Heap address: 0x0000000080000000, size: 2048 MB, Compressed Oops mode: 32-bit

CDS archive(s) mapped at: [0x0000000800000000-0x0000000800ba0000-0x0000000800ba0000), size 12189696, SharedBaseAddress: 0x0000000800000000, ArchiveRelocationMode: 0.
Compressed class space mapped at: 0x0000000800c00000-0x000000081a800000, reserved size: 432013312
Narrow klass base: 0x0000000800000000, Narrow klass shift: 0, Narrow klass range: 0x100000000

GC Precious Log:
 CardTable entry size: 512
 Card Set container configuration: InlinePtr #cards 5 size 8 Array Of Cards #cards 12 size 40 Howl #buckets 4 coarsen threshold 1843 Howl Bitmap #cards 512 size 80 coarsen threshold 460 Card regions per heap region 1 cards per card region 2048
 CPUs: 8 total, 8 available
 Memory: 7975M
 Large Page Support: Disabled
 NUMA Support: Disabled
 Compressed Oops: Enabled (32-bit)
 Heap Region Size: 1M
 Heap Min Capacity: 8M
 Heap Initial Capacity: 126M
 Heap Max Capacity: 2G
 Pre-touch: Disabled
 Parallel Workers: 8
 Concurrent Workers: 2
 Concurrent Refinement Workers: 8
 Periodic GC: Disabled

Heap:
 garbage-first heap   total 156672K, used 74971K [0x0000000080000000, 0x0000000100000000)
  region size 1024K, 1 young (1024K), 1 survivors (1024K)
 Metaspace       used 74777K, committed 79168K, reserved 552960K
  class space    used 9916K, committed 11520K, reserved 421888K

Heap Regions: E=young(eden), S=young(survivor), O=old, HS=humongous(starts), HC=humongous(continues), CS=collection set, F=free, OA=open archive, CA=closed archive, TAMS=top-at-mark-start (previous, next)
|   0|0x0000000080000000, 0x0000000080100000, 0x0000000080100000|100%|HS|  |TAMS 0x0000000080100000, 0x0000000080000000| Complete 
|   1|0x0000000080100000, 0x0000000080200000, 0x0000000080200000|100%|HC|  |TAMS 0x0000000080200000, 0x0000000080100000| Complete 
|   2|0x0000000080200000, 0x0000000080300000, 0x0000000080300000|100%|HC|  |TAMS 0x0000000080300000, 0x0000000080200000| Complete 
|   3|0x0000000080300000, 0x0000000080400000, 0x0000000080400000|100%|HC|  |TAMS 0x0000000080400000, 0x0000000080300000| Complete 
|   4|0x0000000080400000, 0x0000000080500000, 0x0000000080500000|100%| O|  |TAMS 0x0000000080500000, 0x0000000080400000| Untracked 
|   5|0x0000000080500000, 0x0000000080600000, 0x0000000080600000|100%| O|  |TAMS 0x0000000080600000, 0x0000000080500000| Untracked 
|   6|0x0000000080600000, 0x0000000080700000, 0x0000000080700000|100%| O|  |TAMS 0x0000000080700000, 0x0000000080600000| Untracked 
|   7|0x0000000080700000, 0x0000000080800000, 0x0000000080800000|100%| O|  |TAMS 0x0000000080800000, 0x0000000080700000| Untracked 
|   8|0x0000000080800000, 0x0000000080900000, 0x0000000080900000|100%| O|  |TAMS 0x0000000080900000, 0x0000000080800000| Untracked 
|   9|0x0000000080900000, 0x0000000080a00000, 0x0000000080a00000|100%| O|  |TAMS 0x0000000080a00000, 0x0000000080900000| Untracked 
|  10|0x0000000080a00000, 0x0000000080b00000, 0x0000000080b00000|100%| O|  |TAMS 0x0000000080b00000, 0x0000000080a00000| Untracked 
|  11|0x0000000080b00000, 0x0000000080c00000, 0x0000000080c00000|100%| O|  |TAMS 0x0000000080c00000, 0x0000000080b00000| Untracked 
|  12|0x0000000080c00000, 0x0000000080d00000, 0x0000000080d00000|100%| O|  |TAMS 0x0000000080d00000, 0x0000000080c00000| Untracked 
|  13|0x0000000080d00000, 0x0000000080e00000, 0x0000000080e00000|100%| O|  |TAMS 0x0000000080e00000, 0x0000000080d00000| Untracked 
|  14|0x0000000080e00000, 0x0000000080f00000, 0x0000000080f00000|100%| O|  |TAMS 0x0000000080f00000, 0x0000000080e00000| Untracked 
|  15|0x0000000080f00000, 0x0000000081000000, 0x0000000081000000|100%| O|  |TAMS 0x0000000081000000, 0x0000000080f00000| Untracked 
|  16|0x0000000081000000, 0x0000000081100000, 0x0000000081100000|100%| O|  |TAMS 0x0000000081100000, 0x0000000081000000| Untracked 
|  17|0x0000000081100000, 0x0000000081200000, 0x0000000081200000|100%| O|  |TAMS 0x0000000081200000, 0x0000000081100000| Untracked 
|  18|0x0000000081200000, 0x0000000081300000, 0x0000000081300000|100%| O|  |TAMS 0x0000000081300000, 0x0000000081200000| Untracked 
|  19|0x0000000081300000, 0x0000000081400000, 0x0000000081400000|100%| O|  |TAMS 0x0000000081400000, 0x0000000081300000| Untracked 
|  20|0x0000000081400000, 0x0000000081500000, 0x0000000081500000|100%| O|  |TAMS 0x0000000081500000, 0x0000000081400000| Untracked 
|  21|0x0000000081500000, 0x0000000081600000, 0x0000000081600000|100%| O|  |TAMS 0x0000000081600000, 0x0000000081500000| Untracked 
|  22|0x0000000081600000, 0x0000000081700000, 0x0000000081700000|100%| O|  |TAMS 0x0000000081700000, 0x0000000081600000| Untracked 
|  23|0x0000000081700000, 0x0000000081800000, 0x0000000081800000|100%| O|  |TAMS 0x0000000081800000, 0x0000000081700000| Untracked 
|  24|0x0000000081800000, 0x0000000081900000, 0x0000000081900000|100%| O|  |TAMS 0x0000000081900000, 0x0000000081800000| Untracked 
|  25|0x0000000081900000, 0x0000000081a00000, 0x0000000081a00000|100%| O|  |TAMS 0x0000000081a00000, 0x0000000081900000| Complete 
|  26|0x0000000081a00000, 0x0000000081b00000, 0x0000000081b00000|100%| O|  |TAMS 0x0000000081b00000, 0x0000000081a00000| Untracked 
|  27|0x0000000081b00000, 0x0000000081c00000, 0x0000000081c00000|100%| O|  |TAMS 0x0000000081c00000, 0x0000000081b00000| Untracked 
|  28|0x0000000081c00000, 0x0000000081d00000, 0x0000000081d00000|100%| O|  |TAMS 0x0000000081d00000, 0x0000000081c00000| Untracked 
|  29|0x0000000081d00000, 0x0000000081e00000, 0x0000000081e00000|100%| O|  |TAMS 0x0000000081e00000, 0x0000000081d00000| Untracked 
|  30|0x0000000081e00000, 0x0000000081f00000, 0x0000000081f00000|100%| O|  |TAMS 0x0000000081f00000, 0x0000000081e00000| Untracked 
|  31|0x0000000081f00000, 0x0000000082000000, 0x0000000082000000|100%| O|  |TAMS 0x0000000082000000, 0x0000000081f00000| Untracked 
|  32|0x0000000082000000, 0x0000000082100000, 0x0000000082100000|100%| O|  |TAMS 0x0000000082100000, 0x0000000082000000| Untracked 
|  33|0x0000000082100000, 0x0000000082200000, 0x0000000082200000|100%|HS|  |TAMS 0x0000000082200000, 0x0000000082100000| Complete 
|  34|0x0000000082200000, 0x0000000082300000, 0x0000000082300000|100%|HC|  |TAMS 0x0000000082300000, 0x0000000082200000| Complete 
|  35|0x0000000082300000, 0x0000000082400000, 0x0000000082400000|100%| O|  |TAMS 0x0000000082400000, 0x0000000082300000| Untracked 
|  36|0x0000000082400000, 0x0000000082500000, 0x0000000082500000|100%|HS|  |TAMS 0x0000000082500000, 0x0000000082400000| Complete 
|  37|0x0000000082500000, 0x0000000082600000, 0x0000000082600000|100%|HC|  |TAMS 0x0000000082600000, 0x0000000082500000| Complete 
|  38|0x0000000082600000, 0x0000000082700000, 0x0000000082700000|100%|HC|  |TAMS 0x0000000082700000, 0x0000000082600000| Complete 
|  39|0x0000000082700000, 0x0000000082800000, 0x0000000082800000|100%|HC|  |TAMS 0x0000000082800000, 0x0000000082700000| Complete 
|  40|0x0000000082800000, 0x0000000082900000, 0x0000000082900000|100%| O|  |TAMS 0x0000000082900000, 0x0000000082800000| Untracked 
|  41|0x0000000082900000, 0x0000000082a00000, 0x0000000082a00000|100%| O|  |TAMS 0x0000000082a00000, 0x0000000082900000| Untracked 
|  42|0x0000000082a00000, 0x0000000082b00000, 0x0000000082b00000|100%| O|  |TAMS 0x0000000082b00000, 0x0000000082a00000| Untracked 
|  43|0x0000000082b00000, 0x0000000082c00000, 0x0000000082c00000|100%| O|  |TAMS 0x0000000082c00000, 0x0000000082b00000| Untracked 
|  44|0x0000000082c00000, 0x0000000082d00000, 0x0000000082d00000|100%| O|  |TAMS 0x0000000082d00000, 0x0000000082c00000| Untracked 
|  45|0x0000000082d00000, 0x0000000082e00000, 0x0000000082e00000|100%| O|  |TAMS 0x0000000082e00000, 0x0000000082d00000| Untracked 
|  46|0x0000000082e00000, 0x0000000082f00000, 0x0000000082f00000|100%| O|  |TAMS 0x0000000082f00000, 0x0000000082e00000| Untracked 
|  47|0x0000000082f00000, 0x0000000083000000, 0x0000000083000000|100%| O|  |TAMS 0x0000000083000000, 0x0000000082f00000| Untracked 
|  48|0x0000000083000000, 0x0000000083100000, 0x0000000083100000|100%| O|  |TAMS 0x0000000083100000, 0x0000000083000000| Complete 
|  49|0x0000000083100000, 0x0000000083200000, 0x0000000083200000|100%| O|  |TAMS 0x0000000083200000, 0x0000000083100000| Complete 
|  50|0x0000000083200000, 0x0000000083300000, 0x0000000083300000|100%| O|  |TAMS 0x0000000083300000, 0x0000000083200000| Untracked 
|  51|0x0000000083300000, 0x0000000083400000, 0x0000000083400000|100%| O|  |TAMS 0x0000000083400000, 0x0000000083300000| Complete 
|  52|0x0000000083400000, 0x0000000083500000, 0x0000000083500000|100%| O|  |TAMS 0x0000000083500000, 0x0000000083400000| Untracked 
|  53|0x0000000083500000, 0x0000000083600000, 0x0000000083600000|100%| O|  |TAMS 0x0000000083600000, 0x0000000083500000| Untracked 
|  54|0x0000000083600000, 0x0000000083700000, 0x0000000083700000|100%| O|  |TAMS 0x0000000083700000, 0x0000000083600000| Untracked 
|  55|0x0000000083700000, 0x0000000083700000, 0x0000000083800000|  0%| F|  |TAMS 0x0000000083700000, 0x0000000083700000| Untracked 
|  56|0x0000000083800000, 0x0000000083800000, 0x0000000083900000|  0%| F|  |TAMS 0x0000000083800000, 0x0000000083800000| Untracked 
|  57|0x0000000083900000, 0x0000000083900000, 0x0000000083a00000|  0%| F|  |TAMS 0x0000000083900000, 0x0000000083900000| Untracked 
|  58|0x0000000083a00000, 0x0000000083a00000, 0x0000000083b00000|  0%| F|  |TAMS 0x0000000083a00000, 0x0000000083a00000| Untracked 
|  59|0x0000000083b00000, 0x0000000083c00000, 0x0000000083c00000|100%|HS|  |TAMS 0x0000000083c00000, 0x0000000083b00000| Complete 
|  60|0x0000000083c00000, 0x0000000083d00000, 0x0000000083d00000|100%|HS|  |TAMS 0x0000000083d00000, 0x0000000083c00000| Complete 
|  61|0x0000000083d00000, 0x0000000083e00000, 0x0000000083e00000|100%| O|  |TAMS 0x0000000083e00000, 0x0000000083d00000| Untracked 
|  62|0x0000000083e00000, 0x0000000083f00000, 0x0000000083f00000|100%| O|  |TAMS 0x0000000083f00000, 0x0000000083e00000| Untracked 
|  63|0x0000000083f00000, 0x0000000084000000, 0x0000000084000000|100%| O|  |TAMS 0x0000000083f00000, 0x0000000083f00000| Untracked 
|  64|0x0000000084000000, 0x0000000084100000, 0x0000000084100000|100%| O|  |TAMS 0x0000000084100000, 0x0000000084000000| Untracked 
|  65|0x0000000084100000, 0x0000000084200000, 0x0000000084200000|100%| O|  |TAMS 0x0000000084200000, 0x0000000084100000| Untracked 
|  66|0x0000000084200000, 0x0000000084300000, 0x0000000084300000|100%| O|  |TAMS 0x0000000084300000, 0x0000000084200000| Untracked 
|  67|0x0000000084300000, 0x0000000084400000, 0x0000000084400000|100%| O|  |TAMS 0x0000000084400000, 0x0000000084300000| Untracked 
|  68|0x0000000084400000, 0x0000000084500000, 0x0000000084500000|100%| O|  |TAMS 0x0000000084500000, 0x0000000084400000| Complete 
|  69|0x0000000084500000, 0x0000000084500000, 0x0000000084600000|  0%| F|  |TAMS 0x0000000084500000, 0x0000000084500000| Untracked 
|  70|0x0000000084600000, 0x0000000084700000, 0x0000000084700000|100%| O|  |TAMS 0x0000000084700000, 0x0000000084600000| Complete 
|  71|0x0000000084700000, 0x0000000084800000, 0x0000000084800000|100%| O|  |TAMS 0x0000000084800000, 0x0000000084700000| Untracked 
|  72|0x0000000084800000, 0x0000000084900000, 0x0000000084900000|100%| O|  |TAMS 0x0000000084900000, 0x0000000084800000| Untracked 
|  73|0x0000000084900000, 0x0000000084a00000, 0x0000000084a00000|100%| O|  |TAMS 0x0000000084a00000, 0x0000000084900000| Untracked 
|  74|0x0000000084a00000, 0x0000000084b00000, 0x0000000084b00000|100%| O|  |TAMS 0x0000000084b00000, 0x0000000084a00000| Complete 
|  75|0x0000000084b00000, 0x0000000084c00000, 0x0000000084c00000|100%| O|  |TAMS 0x0000000084c00000, 0x0000000084b00000| Untracked 
|  76|0x0000000084c00000, 0x0000000084d00000, 0x0000000084d00000|100%| O|  |TAMS 0x0000000084c8d800, 0x0000000084c00000| Untracked 
|  77|0x0000000084d00000, 0x0000000084e00000, 0x0000000084e00000|100%| O|  |TAMS 0x0000000084d00000, 0x0000000084d00000| Untracked 
|  78|0x0000000084e00000, 0x0000000084e32400, 0x0000000084f00000| 19%| O|  |TAMS 0x0000000084e00000, 0x0000000084e00000| Untracked 
|  79|0x0000000084f00000, 0x0000000084f00000, 0x0000000085000000|  0%| F|  |TAMS 0x0000000084f00000, 0x0000000084f00000| Untracked 
|  80|0x0000000085000000, 0x0000000085000000, 0x0000000085100000|  0%| F|  |TAMS 0x0000000085000000, 0x0000000085000000| Untracked 
|  81|0x0000000085100000, 0x0000000085100000, 0x0000000085200000|  0%| F|  |TAMS 0x0000000085100000, 0x0000000085100000| Untracked 
|  82|0x0000000085200000, 0x0000000085200000, 0x0000000085300000|  0%| F|  |TAMS 0x0000000085200000, 0x0000000085200000| Untracked 
|  83|0x0000000085300000, 0x0000000085300000, 0x0000000085400000|  0%| F|  |TAMS 0x0000000085300000, 0x0000000085300000| Untracked 
|  84|0x0000000085400000, 0x0000000085400000, 0x0000000085500000|  0%| F|  |TAMS 0x0000000085400000, 0x0000000085400000| Untracked 
|  85|0x0000000085500000, 0x0000000085500000, 0x0000000085600000|  0%| F|  |TAMS 0x0000000085500000, 0x0000000085500000| Untracked 
|  86|0x0000000085600000, 0x0000000085600000, 0x0000000085700000|  0%| F|  |TAMS 0x0000000085600000, 0x0000000085600000| Untracked 
|  87|0x0000000085700000, 0x0000000085700000, 0x0000000085800000|  0%| F|  |TAMS 0x0000000085700000, 0x0000000085700000| Untracked 
|  88|0x0000000085800000, 0x0000000085800000, 0x0000000085900000|  0%| F|  |TAMS 0x0000000085800000, 0x0000000085800000| Untracked 
|  89|0x0000000085900000, 0x0000000085900000, 0x0000000085a00000|  0%| F|  |TAMS 0x0000000085900000, 0x0000000085900000| Untracked 
|  90|0x0000000085a00000, 0x0000000085a00000, 0x0000000085b00000|  0%| F|  |TAMS 0x0000000085a00000, 0x0000000085a00000| Untracked 
|  91|0x0000000085b00000, 0x0000000085b00000, 0x0000000085c00000|  0%| F|  |TAMS 0x0000000085b00000, 0x0000000085b00000| Untracked 
|  92|0x0000000085c00000, 0x0000000085c00000, 0x0000000085d00000|  0%| F|  |TAMS 0x0000000085c00000, 0x0000000085c00000| Untracked 
|  93|0x0000000085d00000, 0x0000000085d00000, 0x0000000085e00000|  0%| F|  |TAMS 0x0000000085d00000, 0x0000000085d00000| Untracked 
|  94|0x0000000085e00000, 0x0000000085e00000, 0x0000000085f00000|  0%| F|  |TAMS 0x0000000085e00000, 0x0000000085e00000| Untracked 
|  95|0x0000000085f00000, 0x0000000085f00000, 0x0000000086000000|  0%| F|  |TAMS 0x0000000085f00000, 0x0000000085f00000| Untracked 
|  96|0x0000000086000000, 0x0000000086000000, 0x0000000086100000|  0%| F|  |TAMS 0x0000000086000000, 0x0000000086000000| Untracked 
|  97|0x0000000086100000, 0x0000000086100000, 0x0000000086200000|  0%| F|  |TAMS 0x0000000086100000, 0x0000000086100000| Untracked 
|  98|0x0000000086200000, 0x0000000086200000, 0x0000000086300000|  0%| F|  |TAMS 0x0000000086200000, 0x0000000086200000| Untracked 
|  99|0x0000000086300000, 0x0000000086300000, 0x0000000086400000|  0%| F|  |TAMS 0x0000000086300000, 0x0000000086300000| Untracked 
| 100|0x0000000086400000, 0x0000000086400000, 0x0000000086500000|  0%| F|  |TAMS 0x0000000086400000, 0x0000000086400000| Untracked 
| 101|0x0000000086500000, 0x0000000086500000, 0x0000000086600000|  0%| F|  |TAMS 0x0000000086500000, 0x0000000086500000| Untracked 
| 102|0x0000000086600000, 0x0000000086600000, 0x0000000086700000|  0%| F|  |TAMS 0x0000000086600000, 0x0000000086600000| Untracked 
| 103|0x0000000086700000, 0x0000000086700000, 0x0000000086800000|  0%| F|  |TAMS 0x0000000086700000, 0x0000000086700000| Untracked 
| 104|0x0000000086800000, 0x0000000086800000, 0x0000000086900000|  0%| F|  |TAMS 0x0000000086800000, 0x0000000086800000| Untracked 
| 105|0x0000000086900000, 0x0000000086900000, 0x0000000086a00000|  0%| F|  |TAMS 0x0000000086900000, 0x0000000086900000| Untracked 
| 106|0x0000000086a00000, 0x0000000086a00000, 0x0000000086b00000|  0%| F|  |TAMS 0x0000000086a00000, 0x0000000086a00000| Untracked 
| 107|0x0000000086b00000, 0x0000000086b00000, 0x0000000086c00000|  0%| F|  |TAMS 0x0000000086b00000, 0x0000000086b00000| Untracked 
| 108|0x0000000086c00000, 0x0000000086c00000, 0x0000000086d00000|  0%| F|  |TAMS 0x0000000086c00000, 0x0000000086c00000| Untracked 
| 109|0x0000000086d00000, 0x0000000086d00000, 0x0000000086e00000|  0%| F|  |TAMS 0x0000000086d00000, 0x0000000086d00000| Untracked 
| 110|0x0000000086e00000, 0x0000000086e00000, 0x0000000086f00000|  0%| F|  |TAMS 0x0000000086e00000, 0x0000000086e00000| Untracked 
| 111|0x0000000086f00000, 0x0000000086f00000, 0x0000000087000000|  0%| F|  |TAMS 0x0000000086f00000, 0x0000000086f00000| Untracked 
| 112|0x0000000087000000, 0x0000000087000000, 0x0000000087100000|  0%| F|  |TAMS 0x0000000087000000, 0x0000000087000000| Untracked 
| 113|0x0000000087100000, 0x0000000087100000, 0x0000000087200000|  0%| F|  |TAMS 0x0000000087100000, 0x0000000087100000| Untracked 
| 114|0x0000000087200000, 0x0000000087200000, 0x0000000087300000|  0%| F|  |TAMS 0x0000000087200000, 0x0000000087200000| Untracked 
| 115|0x0000000087300000, 0x0000000087300000, 0x0000000087400000|  0%| F|  |TAMS 0x0000000087300000, 0x0000000087300000| Untracked 
| 116|0x0000000087400000, 0x0000000087400000, 0x0000000087500000|  0%| F|  |TAMS 0x0000000087400000, 0x0000000087400000| Untracked 
| 117|0x0000000087500000, 0x0000000087500000, 0x0000000087600000|  0%| F|  |TAMS 0x0000000087500000, 0x0000000087500000| Untracked 
| 118|0x0000000087600000, 0x0000000087600000, 0x0000000087700000|  0%| F|  |TAMS 0x0000000087600000, 0x0000000087600000| Untracked 
| 119|0x0000000087700000, 0x0000000087700000, 0x0000000087800000|  0%| F|  |TAMS 0x0000000087700000, 0x0000000087700000| Untracked 
| 120|0x0000000087800000, 0x0000000087800000, 0x0000000087900000|  0%| F|  |TAMS 0x0000000087800000, 0x0000000087800000| Untracked 
| 121|0x0000000087900000, 0x0000000087900000, 0x0000000087a00000|  0%| F|  |TAMS 0x0000000087900000, 0x0000000087900000| Untracked 
| 122|0x0000000087a00000, 0x0000000087a00000, 0x0000000087b00000|  0%| F|  |TAMS 0x0000000087a00000, 0x0000000087a00000| Untracked 
| 123|0x0000000087b00000, 0x0000000087b00000, 0x0000000087c00000|  0%| F|  |TAMS 0x0000000087b00000, 0x0000000087b00000| Untracked 
| 124|0x0000000087c00000, 0x0000000087c00000, 0x0000000087d00000|  0%| F|  |TAMS 0x0000000087c00000, 0x0000000087c00000| Untracked 
| 125|0x0000000087d00000, 0x0000000087d00000, 0x0000000087e00000|  0%| F|  |TAMS 0x0000000087d00000, 0x0000000087d00000| Untracked 
| 126|0x0000000087e00000, 0x0000000087e00000, 0x0000000087f00000|  0%| F|  |TAMS 0x0000000087e00000, 0x0000000087e00000| Untracked 
| 127|0x0000000087f00000, 0x0000000087f00000, 0x0000000088000000|  0%| F|  |TAMS 0x0000000087f00000, 0x0000000087f00000| Untracked 
| 128|0x0000000088000000, 0x0000000088000000, 0x0000000088100000|  0%| F|  |TAMS 0x0000000088000000, 0x0000000088000000| Untracked 
| 129|0x0000000088100000, 0x0000000088100000, 0x0000000088200000|  0%| F|  |TAMS 0x0000000088100000, 0x0000000088100000| Untracked 
| 130|0x0000000088200000, 0x0000000088200000, 0x0000000088300000|  0%| F|  |TAMS 0x0000000088200000, 0x0000000088200000| Untracked 
| 131|0x0000000088300000, 0x0000000088300000, 0x0000000088400000|  0%| F|  |TAMS 0x0000000088300000, 0x0000000088300000| Untracked 
| 132|0x0000000088400000, 0x0000000088400000, 0x0000000088500000|  0%| F|  |TAMS 0x0000000088400000, 0x0000000088400000| Untracked 
| 133|0x0000000088500000, 0x0000000088500000, 0x0000000088600000|  0%| F|  |TAMS 0x0000000088500000, 0x0000000088500000| Untracked 
| 134|0x0000000088600000, 0x0000000088600000, 0x0000000088700000|  0%| F|  |TAMS 0x0000000088600000, 0x0000000088600000| Untracked 
| 135|0x0000000088700000, 0x0000000088700000, 0x0000000088800000|  0%| F|  |TAMS 0x0000000088700000, 0x0000000088700000| Untracked 
| 136|0x0000000088800000, 0x0000000088800000, 0x0000000088900000|  0%| F|  |TAMS 0x0000000088800000, 0x0000000088800000| Untracked 
| 137|0x0000000088900000, 0x0000000088900000, 0x0000000088a00000|  0%| F|  |TAMS 0x0000000088900000, 0x0000000088900000| Untracked 
| 138|0x0000000088a00000, 0x0000000088a00000, 0x0000000088b00000|  0%| F|  |TAMS 0x0000000088a00000, 0x0000000088a00000| Untracked 
| 139|0x0000000088b00000, 0x0000000088b00000, 0x0000000088c00000|  0%| F|  |TAMS 0x0000000088b00000, 0x0000000088b00000| Untracked 
| 140|0x0000000088c00000, 0x0000000088c00000, 0x0000000088d00000|  0%| F|  |TAMS 0x0000000088c00000, 0x0000000088c00000| Untracked 
| 141|0x0000000088d00000, 0x0000000088d00000, 0x0000000088e00000|  0%| F|  |TAMS 0x0000000088d00000, 0x0000000088d00000| Untracked 
| 142|0x0000000088e00000, 0x0000000088e00000, 0x0000000088f00000|  0%| F|  |TAMS 0x0000000088e00000, 0x0000000088e00000| Untracked 
| 143|0x0000000088f00000, 0x0000000088f00000, 0x0000000089000000|  0%| F|  |TAMS 0x0000000088f00000, 0x0000000088f00000| Untracked 
| 144|0x0000000089000000, 0x0000000089000000, 0x0000000089100000|  0%| F|  |TAMS 0x0000000089000000, 0x0000000089000000| Untracked 
| 145|0x0000000089100000, 0x0000000089100000, 0x0000000089200000|  0%| F|  |TAMS 0x0000000089100000, 0x0000000089100000| Untracked 
| 146|0x0000000089200000, 0x0000000089204890, 0x0000000089300000|  1%| S|CS|TAMS 0x0000000089200000, 0x0000000089200000| Complete 
| 147|0x0000000089300000, 0x0000000089300000, 0x0000000089400000|  0%| F|  |TAMS 0x0000000089300000, 0x0000000089300000| Untracked 
| 148|0x0000000089400000, 0x0000000089400000, 0x0000000089500000|  0%| F|  |TAMS 0x0000000089400000, 0x0000000089400000| Untracked 
| 149|0x0000000089500000, 0x0000000089500000, 0x0000000089600000|  0%| F|  |TAMS 0x0000000089500000, 0x0000000089500000| Untracked 
| 150|0x0000000089600000, 0x0000000089600000, 0x0000000089700000|  0%| F|  |TAMS 0x0000000089600000, 0x0000000089600000| Untracked 
| 151|0x0000000089700000, 0x0000000089700000, 0x0000000089800000|  0%| F|  |TAMS 0x0000000089700000, 0x0000000089700000| Untracked 
| 152|0x0000000089800000, 0x0000000089800000, 0x0000000089900000|  0%| F|  |TAMS 0x0000000089800000, 0x0000000089800000| Untracked 

Card table byte_map: [0x00000125fb270000,0x00000125fb670000] _byte_map_base: 0x00000125fae70000

Marking Bits (Prev, Next): (CMBitMap*) 0x00000125faaea590, (CMBitMap*) 0x00000125faaea5d0
 Prev Bits: [0x00000125fba70000, 0x00000125fda70000)
 Next Bits: [0x00000125fda70000, 0x00000125ffa70000)

Polling page: 0x00000125f89f0000

Metaspace:

Usage:
  Non-class:     63.34 MB used.
      Class:      9.68 MB used.
       Both:     73.02 MB used.

Virtual space:
  Non-class space:      128.00 MB reserved,      66.06 MB ( 52%) committed,  2 nodes.
      Class space:      412.00 MB reserved,      11.25 MB (  3%) committed,  1 nodes.
             Both:      540.00 MB reserved,      77.31 MB ( 14%) committed. 

Chunk freelists:
   Non-Class:  4.24 MB
       Class:  1.90 MB
        Both:  6.14 MB

MaxMetaspaceSize: 512.00 MB
CompressedClassSpaceSize: 412.00 MB
Initial GC threshold: 21.00 MB
Current GC threshold: 128.88 MB
CDS: on
MetaspaceReclaimPolicy: balanced
 - commit_granule_bytes: 65536.
 - commit_granule_words: 8192.
 - virtual_space_node_default_size: 8388608.
 - enlarge_chunks_in_place: 1.
 - new_chunks_are_fully_committed: 0.
 - uncommit_free_chunks: 1.
 - use_allocation_guard: 0.


Internal statistics:

num_allocs_failed_limit: 6.
num_arena_births: 3494.
num_arena_deaths: 2224.
num_vsnodes_births: 3.
num_vsnodes_deaths: 0.
num_space_committed: 1237.
num_space_uncommitted: 0.
num_chunks_returned_to_freelist: 2469.
num_chunks_taken_from_freelist: 7023.
num_chunk_merges: 918.
num_chunk_splits: 4631.
num_chunks_enlarged: 2952.
num_inconsistent_stats: 0.

CodeHeap 'non-profiled nmethods': size=120000Kb used=4956Kb max_used=4956Kb free=115043Kb
 bounds [0x000001258f340000, 0x000001258f820000, 0x0000012596870000]
CodeHeap 'profiled nmethods': size=120000Kb used=17684Kb max_used=17830Kb free=102315Kb
 bounds [0x0000012587e10000, 0x0000012588f80000, 0x000001258f340000]
CodeHeap 'non-nmethods': size=5760Kb used=2411Kb max_used=2466Kb free=3348Kb
 bounds [0x0000012587870000, 0x0000012587af0000, 0x0000012587e10000]
 total_blobs=10126 nmethods=9202 adapters=836
 compilation: enabled
              stopped_count=0, restarted_count=0
 full_count=0

Compilation events (20 events):
Event: 15262.215 Thread 0x0000012598d42f60 10716       3       org.gradle.launcher.daemon.registry.PersistentDaemonRegistry$1::isSatisfiedBy (9 bytes)
Event: 15262.219 Thread 0x0000012598d42f60 nmethod 10716 0x000001258897ee10 code [0x000001258897efc0, 0x000001258897f2d8]
Event: 15262.219 Thread 0x0000012598d42f60 10717       3       org.gradle.launcher.daemon.registry.PersistentDaemonRegistry$1::isSatisfiedBy (16 bytes)
Event: 15262.220 Thread 0x0000012598d42f60 nmethod 10717 0x0000012588d94a10 code [0x0000012588d94ba0, 0x0000012588d94d38]
Event: 15262.238 Thread 0x0000012598d42f60 10718       3       com.google.common.collect.Lists$TransformingSequentialList$1::transform (14 bytes)
Event: 15262.238 Thread 0x0000012598d42f60 nmethod 10718 0x000001258897e990 code [0x000001258897eb40, 0x000001258897ed28]
Event: 15262.238 Thread 0x0000012598d42f60 10719       3       org.gradle.launcher.daemon.server.DaemonRegistryUnavailableExpirationStrategy$1::apply (9 bytes)
Event: 15262.238 Thread 0x0000012598d42f60 nmethod 10719 0x000001258897e310 code [0x000001258897e4c0, 0x000001258897e818]
Event: 15262.265 Thread 0x0000012598d262d0 nmethod 10698 0x000001258f80a190 code [0x000001258f80a680, 0x000001258f80e338]
Event: 15262.265 Thread 0x0000012598d262d0 10720       4       sun.management.ManagementFactoryHelper::getMemoryPoolMXBeans (51 bytes)
Event: 15262.272 Thread 0x0000012598d262d0 nmethod 10720 0x000001258f811010 code [0x000001258f8111c0, 0x000001258f811888]
Event: 15262.272 Thread 0x0000012598d262d0 10713       4       java.lang.reflect.Method::isCallerSensitive (27 bytes)
Event: 15262.275 Thread 0x0000012598d262d0 nmethod 10713 0x000001258f811b90 code [0x000001258f811d20, 0x000001258f811ee8]
Event: 15262.275 Thread 0x0000012598d262d0 10715       4       java.lang.invoke.DirectMethodHandle$Interface::checkReceiver (52 bytes)
Event: 15262.275 Thread 0x0000012598d262d0 nmethod 10715 0x000001258f812010 code [0x000001258f812180, 0x000001258f8122b8]
Event: 15262.275 Thread 0x0000012598d262d0 10699       4       com.sun.jmx.mbeanserver.DefaultMXBeanMappingFactory$IdentityMapping::toNonNullOpenValue (2 bytes)
Event: 15262.276 Thread 0x0000012598d262d0 nmethod 10699 0x000001258f812410 code [0x000001258f812580, 0x000001258f8125f8]
Event: 15262.381 Thread 0x0000012598d262d0 10721       4       java.lang.reflect.AccessibleObject::checkAccess (40 bytes)
Event: 15262.449 Thread 0x0000012598d262d0 nmethod 10721 0x000001258f812710 code [0x000001258f812a60, 0x000001258f8153f0]
Event: 15262.583 Thread 0x0000012598d262d0 10722       4       org.gradle.launcher.daemon.server.health.gc.GarbageCollectionCheck::run (198 bytes)

GC Heap History (20 events):
Event: 124.117 GC heap after
{Heap after GC invocations=39 (full 0):
 garbage-first heap   total 126976K, used 71241K [0x0000000080000000, 0x0000000100000000)
  region size 1024K, 3 young (3072K), 3 survivors (3072K)
 Metaspace       used 72088K, committed 74048K, reserved 487424K
  class space    used 9804K, committed 10816K, reserved 421888K
}
Event: 127.217 GC heap before
{Heap before GC invocations=40 (full 0):
 garbage-first heap   total 130048K, used 99913K [0x0000000080000000, 0x0000000100000000)
  region size 1024K, 26 young (26624K), 3 survivors (3072K)
 Metaspace       used 73381K, committed 75328K, reserved 487424K
  class space    used 9974K, committed 11008K, reserved 421888K
}
Event: 127.249 GC heap after
{Heap after GC invocations=41 (full 0):
 garbage-first heap   total 130048K, used 73703K [0x0000000080000000, 0x0000000100000000)
  region size 1024K, 4 young (4096K), 4 survivors (4096K)
 Metaspace       used 73381K, committed 75328K, reserved 487424K
  class space    used 9974K, committed 11008K, reserved 421888K
}
Event: 127.607 GC heap before
{Heap before GC invocations=41 (full 0):
 garbage-first heap   total 130048K, used 75751K [0x0000000080000000, 0x0000000100000000)
  region size 1024K, 6 young (6144K), 4 survivors (4096K)
 Metaspace       used 73595K, committed 75520K, reserved 487424K
  class space    used 10005K, committed 11008K, reserved 421888K
}
Event: 127.627 GC heap after
{Heap after GC invocations=42 (full 0):
 garbage-first heap   total 130048K, used 73741K [0x0000000080000000, 0x0000000100000000)
  region size 1024K, 1 young (1024K), 1 survivors (1024K)
 Metaspace       used 73595K, committed 75520K, reserved 487424K
  class space    used 10005K, committed 11008K, reserved 421888K
}
Event: 129.438 GC heap before
{Heap before GC invocations=42 (full 0):
 garbage-first heap   total 130048K, used 96269K [0x0000000080000000, 0x0000000100000000)
  region size 1024K, 25 young (25600K), 1 survivors (1024K)
 Metaspace       used 75800K, committed 77824K, reserved 552960K
  class space    used 10258K, committed 11264K, reserved 421888K
}
Event: 129.442 GC heap after
{Heap after GC invocations=43 (full 0):
 garbage-first heap   total 156672K, used 75148K [0x0000000080000000, 0x0000000100000000)
  region size 1024K, 2 young (2048K), 2 survivors (2048K)
 Metaspace       used 75800K, committed 77824K, reserved 552960K
  class space    used 10258K, committed 11264K, reserved 421888K
}
Event: 131.784 GC heap before
{Heap before GC invocations=44 (full 0):
 garbage-first heap   total 156672K, used 113036K [0x0000000080000000, 0x0000000100000000)
  region size 1024K, 38 young (38912K), 2 survivors (2048K)
 Metaspace       used 77022K, committed 78976K, reserved 552960K
  class space    used 10451K, committed 11456K, reserved 421888K
}
Event: 131.817 GC heap after
{Heap after GC invocations=45 (full 0):
 garbage-first heap   total 156672K, used 77980K [0x0000000080000000, 0x0000000100000000)
  region size 1024K, 5 young (5120K), 5 survivors (5120K)
 Metaspace       used 77022K, committed 78976K, reserved 552960K
  class space    used 10451K, committed 11456K, reserved 421888K
}
Event: 131.834 GC heap before
{Heap before GC invocations=45 (full 0):
 garbage-first heap   total 156672K, used 80028K [0x0000000080000000, 0x0000000100000000)
  region size 1024K, 7 young (7168K), 5 survivors (5120K)
 Metaspace       used 77022K, committed 78976K, reserved 552960K
  class space    used 10451K, committed 11456K, reserved 421888K
}
Event: 132.505 GC heap after
{Heap after GC invocations=46 (full 0):
 garbage-first heap   total 156672K, used 77646K [0x0000000080000000, 0x0000000100000000)
  region size 1024K, 1 young (1024K), 1 survivors (1024K)
 Metaspace       used 77022K, committed 78976K, reserved 552960K
  class space    used 10451K, committed 11456K, reserved 421888K
}
Event: 15245.240 GC heap before
{Heap before GC invocations=46 (full 0):
 garbage-first heap   total 156672K, used 91982K [0x0000000080000000, 0x0000000100000000)
  region size 1024K, 15 young (15360K), 1 survivors (1024K)
 Metaspace       used 77116K, committed 79104K, reserved 552960K
  class space    used 10457K, committed 11520K, reserved 421888K
}
Event: 15246.032 GC heap after
{Heap after GC invocations=47 (full 0):
 garbage-first heap   total 156672K, used 78413K [0x0000000080000000, 0x0000000100000000)
  region size 1024K, 2 young (2048K), 2 survivors (2048K)
 Metaspace       used 77116K, committed 79104K, reserved 552960K
  class space    used 10457K, committed 11520K, reserved 421888K
}
Event: 15249.771 GC heap before
{Heap before GC invocations=47 (full 0):
 garbage-first heap   total 156672K, used 83533K [0x0000000080000000, 0x0000000100000000)
  region size 1024K, 7 young (7168K), 2 survivors (2048K)
 Metaspace       used 77124K, committed 79104K, reserved 552960K
  class space    used 10457K, committed 11520K, reserved 421888K
}
Event: 15249.804 GC heap after
{Heap after GC invocations=48 (full 0):
 garbage-first heap   total 156672K, used 78526K [0x0000000080000000, 0x0000000100000000)
  region size 1024K, 1 young (1024K), 1 survivors (1024K)
 Metaspace       used 77124K, committed 79104K, reserved 552960K
  class space    used 10457K, committed 11520K, reserved 421888K
}
Event: 15260.511 GC heap before
{Heap before GC invocations=48 (full 0):
 garbage-first heap   total 156672K, used 87742K [0x0000000080000000, 0x0000000100000000)
  region size 1024K, 10 young (10240K), 1 survivors (1024K)
 Metaspace       used 74712K, committed 79168K, reserved 552960K
  class space    used 9916K, committed 11520K, reserved 421888K
}
Event: 15260.544 GC heap after
{Heap after GC invocations=49 (full 0):
 garbage-first heap   total 156672K, used 78475K [0x0000000080000000, 0x0000000100000000)
  region size 1024K, 1 young (1024K), 1 survivors (1024K)
 Metaspace       used 74712K, committed 79168K, reserved 552960K
  class space    used 9916K, committed 11520K, reserved 421888K
}
Event: 15262.762 GC heap before
{Heap before GC invocations=50 (full 0):
 garbage-first heap   total 156672K, used 90763K [0x0000000080000000, 0x0000000100000000)
  region size 1024K, 13 young (13312K), 1 survivors (1024K)
 Metaspace       used 74777K, committed 79168K, reserved 552960K
  class space    used 9916K, committed 11520K, reserved 421888K
}
Event: 15262.773 GC heap after
{Heap after GC invocations=51 (full 0):
 garbage-first heap   total 156672K, used 78428K [0x0000000080000000, 0x0000000100000000)
  region size 1024K, 1 young (1024K), 1 survivors (1024K)
 Metaspace       used 74777K, committed 79168K, reserved 552960K
  class space    used 9916K, committed 11520K, reserved 421888K
}
Event: 15262.980 GC heap before
{Heap before GC invocations=51 (full 0):
 garbage-first heap   total 156672K, used 84572K [0x0000000080000000, 0x0000000100000000)
  region size 1024K, 7 young (7168K), 1 survivors (1024K)
 Metaspace       used 74777K, committed 79168K, reserved 552960K
  class space    used 9916K, committed 11520K, reserved 421888K
}

Deoptimization events (20 events):
Event: 15247.230 Thread 0x000001259e5edb30 Uncommon trap: trap_request=0xffffffd6 fr.pc=0x000001258f7f54a4 relative=0x0000000000000684
Event: 15247.231 Thread 0x000001259e5edb30 Uncommon trap: reason=array_check action=maybe_recompile pc=0x000001258f7f54a4 method=java.util.ComparableTimSort.reverseRange([Ljava/lang/Object;II)V @ 20 c2
Event: 15247.231 Thread 0x000001259e5edb30 DEOPT PACKING pc=0x000001258f7f54a4 sp=0x0000001bf80fe4f0
Event: 15247.231 Thread 0x000001259e5edb30 DEOPT UNPACKING pc=0x00000125878c5c23 sp=0x0000001bf80fe4a0 mode 2
Event: 15247.231 Thread 0x000001259e5edb30 Uncommon trap: trap_request=0xffffffd6 fr.pc=0x000001258f7f54a4 relative=0x0000000000000684
Event: 15247.231 Thread 0x000001259e5edb30 Uncommon trap: reason=array_check action=maybe_recompile pc=0x000001258f7f54a4 method=java.util.ComparableTimSort.reverseRange([Ljava/lang/Object;II)V @ 20 c2
Event: 15247.231 Thread 0x000001259e5edb30 DEOPT PACKING pc=0x000001258f7f54a4 sp=0x0000001bf80fe4f0
Event: 15247.245 Thread 0x000001259e5edb30 DEOPT UNPACKING pc=0x00000125878c5c23 sp=0x0000001bf80fe4a0 mode 2
Event: 15247.245 Thread 0x000001259e5edb30 Uncommon trap: trap_request=0xffffffd6 fr.pc=0x000001258f7f54a4 relative=0x0000000000000684
Event: 15247.245 Thread 0x000001259e5edb30 Uncommon trap: reason=array_check action=maybe_recompile pc=0x000001258f7f54a4 method=java.util.ComparableTimSort.reverseRange([Ljava/lang/Object;II)V @ 20 c2
Event: 15247.245 Thread 0x000001259e5edb30 DEOPT PACKING pc=0x000001258f7f54a4 sp=0x0000001bf80fe4f0
Event: 15247.247 Thread 0x000001259e5edb30 DEOPT UNPACKING pc=0x00000125878c5c23 sp=0x0000001bf80fe4a0 mode 2
Event: 15247.296 Thread 0x000001259e5edb30 Uncommon trap: trap_request=0xffffffd6 fr.pc=0x000001258f7f614c relative=0x00000000000008ac
Event: 15247.296 Thread 0x000001259e5edb30 Uncommon trap: reason=array_check action=maybe_recompile pc=0x000001258f7f614c method=java.util.ComparableTimSort.reverseRange([Ljava/lang/Object;II)V @ 27 c2
Event: 15247.296 Thread 0x000001259e5edb30 DEOPT PACKING pc=0x000001258f7f614c sp=0x0000001bf80fe4e0
Event: 15247.296 Thread 0x000001259e5edb30 DEOPT UNPACKING pc=0x00000125878c5c23 sp=0x0000001bf80fe4a0 mode 2
Event: 15247.298 Thread 0x000001259e5edb30 Uncommon trap: trap_request=0xffffffd6 fr.pc=0x000001258f7f614c relative=0x00000000000008ac
Event: 15247.298 Thread 0x000001259e5edb30 Uncommon trap: reason=array_check action=maybe_recompile pc=0x000001258f7f614c method=java.util.ComparableTimSort.reverseRange([Ljava/lang/Object;II)V @ 27 c2
Event: 15247.298 Thread 0x000001259e5edb30 DEOPT PACKING pc=0x000001258f7f614c sp=0x0000001bf80fe4e0
Event: 15247.300 Thread 0x000001259e5edb30 DEOPT UNPACKING pc=0x00000125878c5c23 sp=0x0000001bf80fe4a0 mode 2

Classes loaded (20 events):
Event: 128.886 Loading class javax/xml/stream/XMLStreamException
Event: 128.889 Loading class javax/xml/stream/XMLStreamException done
Event: 129.038 Loading class sun/reflect/annotation/AnnotationInvocationHandler$1
Event: 129.038 Loading class sun/reflect/annotation/AnnotationInvocationHandler$1 done
Event: 129.308 Loading class java/util/concurrent/atomic/AtomicIntegerArray
Event: 129.309 Loading class java/util/concurrent/atomic/AtomicIntegerArray done
Event: 129.312 Loading class java/util/Currency
Event: 129.313 Loading class java/util/Currency done
Event: 129.321 Loading class java/util/concurrent/atomic/AtomicLongArray
Event: 129.321 Loading class java/util/concurrent/atomic/AtomicLongArray done
Event: 129.484 Loading class sun/reflect/generics/repository/FieldRepository
Event: 129.485 Loading class sun/reflect/generics/repository/FieldRepository done
Event: 129.604 Loading class jdk/internal/vm/annotation/ForceInline
Event: 129.604 Loading class jdk/internal/vm/annotation/ForceInline done
Event: 129.870 Loading class java/util/regex/Pattern$Caret
Event: 129.870 Loading class java/util/regex/Pattern$Caret done
Event: 130.547 Loading class java/util/regex/Pattern$Pos
Event: 130.547 Loading class java/util/regex/Pattern$Pos done
Event: 131.260 Loading class java/beans/IntrospectionException
Event: 131.268 Loading class java/beans/IntrospectionException done

Classes unloaded (20 events):
Event: 15250.998 Thread 0x0000012598d04e10 Unloading class 0x0000000800cca800 'java/lang/invoke/LambdaForm$MH+0x0000000800cca800'
Event: 15250.998 Thread 0x0000012598d04e10 Unloading class 0x0000000800cca400 'java/lang/invoke/LambdaForm$MH+0x0000000800cca400'
Event: 15250.998 Thread 0x0000012598d04e10 Unloading class 0x0000000800cca000 'java/lang/invoke/LambdaForm$MH+0x0000000800cca000'
Event: 15250.998 Thread 0x0000012598d04e10 Unloading class 0x0000000800cc9c00 'java/lang/invoke/LambdaForm$MH+0x0000000800cc9c00'
Event: 15250.999 Thread 0x0000012598d04e10 Unloading class 0x0000000800cc9400 'java/lang/invoke/LambdaForm$MH+0x0000000800cc9400'
Event: 15251.000 Thread 0x0000012598d04e10 Unloading class 0x0000000800cbc000 'java/lang/invoke/LambdaForm$MH+0x0000000800cbc000'
Event: 15251.000 Thread 0x0000012598d04e10 Unloading class 0x0000000800c99400 'java/lang/invoke/LambdaForm$MH+0x0000000800c99400'
Event: 15251.000 Thread 0x0000012598d04e10 Unloading class 0x0000000800c99000 'java/lang/invoke/LambdaForm$MH+0x0000000800c99000'
Event: 15251.000 Thread 0x0000012598d04e10 Unloading class 0x0000000800c98c00 'java/lang/invoke/LambdaForm$MH+0x0000000800c98c00'
Event: 15251.001 Thread 0x0000012598d04e10 Unloading class 0x0000000800c8a400 'java/lang/invoke/LambdaForm$MH+0x0000000800c8a400'
Event: 15251.001 Thread 0x0000012598d04e10 Unloading class 0x0000000800c8a000 'java/lang/invoke/LambdaForm$MH+0x0000000800c8a000'
Event: 15251.001 Thread 0x0000012598d04e10 Unloading class 0x0000000800c89400 'java/lang/invoke/LambdaForm$MH+0x0000000800c89400'
Event: 15251.001 Thread 0x0000012598d04e10 Unloading class 0x0000000800c89000 'java/lang/invoke/LambdaForm$MH+0x0000000800c89000'
Event: 15251.001 Thread 0x0000012598d04e10 Unloading class 0x0000000800c88400 'java/lang/invoke/LambdaForm$MH+0x0000000800c88400'
Event: 15251.002 Thread 0x0000012598d04e10 Unloading class 0x0000000800c26800 'java/lang/invoke/LambdaForm$MH+0x0000000800c26800'
Event: 15251.028 Thread 0x0000012598d04e10 Unloading class 0x0000000800c26400 'java/lang/invoke/LambdaForm$MH+0x0000000800c26400'
Event: 15251.028 Thread 0x0000012598d04e10 Unloading class 0x0000000800c26000 'java/lang/invoke/LambdaForm$MH+0x0000000800c26000'
Event: 15251.028 Thread 0x0000012598d04e10 Unloading class 0x0000000800c24800 'java/lang/invoke/LambdaForm$MH+0x0000000800c24800'
Event: 15251.028 Thread 0x0000012598d04e10 Unloading class 0x0000000800c24000 'java/lang/invoke/LambdaForm$MH+0x0000000800c24000'
Event: 15251.028 Thread 0x0000012598d04e10 Unloading class 0x0000000800c14800 'java/lang/invoke/LambdaForm$MH+0x0000000800c14800'

Classes redefined (0 events):
No events

Internal exceptions (20 events):
Event: 132.555 Thread 0x000001259d1d62a0 Exception <a 'java/lang/ClassNotFoundException'{0x00000000895d4b70}: com/android/build/gradle/internal/dsl/BuildTypeBeanInfo> (0x00000000895d4b70) 
thrown [s\open\src\hotspot\share\classfile\systemDictionary.cpp, line 255]
Event: 132.556 Thread 0x000001259d1d62a0 Exception <a 'java/lang/ClassNotFoundException'{0x00000000895e23e8}: com/android/builder/core/AbstractBuildTypeBeanInfo> (0x00000000895e23e8) 
thrown [s\open\src\hotspot\share\classfile\systemDictionary.cpp, line 255]
Event: 132.557 Thread 0x000001259d1d62a0 Exception <a 'java/lang/ClassNotFoundException'{0x00000000895efee0}: com/android/builder/core/AbstractBuildTypeCustomizer> (0x00000000895efee0) 
thrown [s\open\src\hotspot\share\classfile\systemDictionary.cpp, line 255]
Event: 132.557 Thread 0x000001259d1d62a0 Implicit null exception at 0x000001258f7c770a to 0x000001258f7c7abe
Event: 132.559 Thread 0x000001259d1d62a0 Exception <a 'java/lang/ClassNotFoundException'{0x000000008941a590}: com/android/build/gradle/internal/dsl/BuildTypeCustomizer> (0x000000008941a590) 
thrown [s\open\src\hotspot\share\classfile\systemDictionary.cpp, line 255]
Event: 132.562 Thread 0x000001259d1d62a0 Exception <a 'java/lang/ClassNotFoundException'{0x00000000894a1f00}: com/android/build/gradle/internal/dsl/BuildType$AgpDecoratedCustomizer> (0x00000000894a1f00) 
thrown [s\open\src\hotspot\share\classfile\systemDictionary.cpp, line 255]
Event: 132.564 Thread 0x000001259d1d62a0 Exception <a 'java/lang/ClassNotFoundException'{0x00000000894f3d78}: com/android/build/gradle/internal/dsl/BuildType$AgpDecorated_DecoratedCustomizer> (0x00000000894f3d78) 
thrown [s\open\src\hotspot\share\classfile\systemDictionary.cpp, line 255]
Event: 132.595 Thread 0x000001259d1d62a0 Exception <a 'java/lang/NoSuchMethodError'{0x00000000893c8238}: 'void java.lang.invoke.DirectMethodHandle$Holder.invokeVirtual(java.lang.Object, java.lang.Object, int)'> (0x00000000893c8238) 
thrown [s\open\src\hotspot\share\interpreter\linkResolver.cpp, line 759]
Event: 132.596 Thread 0x000001259d1d62a0 Exception <a 'java/lang/ClassNotFoundException'{0x00000000893e9b30}: build_3cym9os5xjrn4fu9rwx76z5hf$_run_closure2$_closure6BeanInfo> (0x00000000893e9b30) 
thrown [s\open\src\hotspot\share\classfile\systemDictionary.cpp, line 255]
Event: 132.596 Thread 0x000001259d1d62a0 Exception <a 'java/lang/ClassNotFoundException'{0x00000000893f40f8}: build_3cym9os5xjrn4fu9rwx76z5hf$_run_closure2$_closure6Customizer> (0x00000000893f40f8) 
thrown [s\open\src\hotspot\share\classfile\systemDictionary.cpp, line 255]
Event: 132.653 Thread 0x000001259d1d62a0 Exception <a 'java/lang/ClassNotFoundException'{0x00000000892d0f48}: org/gradle/api/internal/artifacts/dependencies/DefaultExternalModuleDependency_DecoratedBeanInfo> (0x00000000892d0f48) 
thrown [s\open\src\hotspot\share\classfile\systemDictionary.cpp, line 255]
Event: 132.655 Thread 0x000001259d1d62a0 Exception <a 'java/lang/ClassNotFoundException'{0x00000000892e9e08}: org/gradle/api/internal/artifacts/dependencies/DefaultExternalModuleDependencyBeanInfo> (0x00000000892e9e08) 
thrown [s\open\src\hotspot\share\classfile\systemDictionary.cpp, line 255]
Event: 132.656 Thread 0x000001259d1d62a0 Exception <a 'java/lang/ClassNotFoundException'{0x00000000891036a8}: org/gradle/api/internal/artifacts/dependencies/AbstractExternalModuleDependencyBeanInfo> (0x00000000891036a8) 
thrown [s\open\src\hotspot\share\classfile\systemDictionary.cpp, line 255]
Event: 132.657 Thread 0x000001259d1d62a0 Exception <a 'java/lang/ClassNotFoundException'{0x0000000089119440}: org/gradle/api/internal/artifacts/dependencies/AbstractModuleDependencyBeanInfo> (0x0000000089119440) 
thrown [s\open\src\hotspot\share\classfile\systemDictionary.cpp, line 255]
Event: 132.658 Thread 0x000001259d1d62a0 Exception <a 'java/lang/ClassNotFoundException'{0x000000008912f2a8}: org/gradle/api/internal/artifacts/dependencies/AbstractDependencyBeanInfo> (0x000000008912f2a8) 
thrown [s\open\src\hotspot\share\classfile\systemDictionary.cpp, line 255]
Event: 132.659 Thread 0x000001259d1d62a0 Exception <a 'java/lang/ClassNotFoundException'{0x00000000891450b0}: org/gradle/api/internal/artifacts/dependencies/AbstractDependencyCustomizer> (0x00000000891450b0) 
thrown [s\open\src\hotspot\share\classfile\systemDictionary.cpp, line 255]
Event: 132.662 Thread 0x000001259d1d62a0 Exception <a 'java/lang/ClassNotFoundException'{0x000000008915e750}: org/gradle/api/internal/artifacts/dependencies/AbstractModuleDependencyCustomizer> (0x000000008915e750) 
thrown [s\open\src\hotspot\share\classfile\systemDictionary.cpp, line 255]
Event: 132.678 Thread 0x000001259d1d62a0 Exception <a 'java/lang/ClassNotFoundException'{0x0000000089193d98}: org/gradle/api/internal/artifacts/dependencies/AbstractExternalModuleDependencyCustomizer> (0x0000000089193d98) 
thrown [s\open\src\hotspot\share\classfile\systemDictionary.cpp, line 255]
Event: 132.702 Thread 0x000001259d1d62a0 Exception <a 'java/lang/ClassNotFoundException'{0x00000000891bdd00}: org/gradle/api/internal/artifacts/dependencies/DefaultExternalModuleDependencyCustomizer> (0x00000000891bdd00) 
thrown [s\open\src\hotspot\share\classfile\systemDictionary.cpp, line 255]
Event: 132.721 Thread 0x000001259d1d62a0 Exception <a 'java/lang/ClassNotFoundException'{0x00000000891e31d0}: org/gradle/api/internal/artifacts/dependencies/DefaultExternalModuleDependency_DecoratedCustomizer> (0x00000000891e31d0) 
thrown [s\open\src\hotspot\share\classfile\systemDictionary.cpp, line 255]

VM Operations (20 events):
Event: 15243.341 Executing VM operation: Cleanup done
Event: 15244.347 Executing VM operation: Cleanup
Event: 15244.604 Executing VM operation: Cleanup done
Event: 15245.187 Executing VM operation: G1CollectForAllocation
Event: 15246.081 Executing VM operation: G1CollectForAllocation done
Event: 15247.091 Executing VM operation: Cleanup
Event: 15247.173 Executing VM operation: Cleanup done
Event: 15247.926 Executing VM operation: G1CollectForAllocation
Event: 15249.806 Executing VM operation: G1CollectForAllocation done
Event: 15250.181 Executing VM operation: G1Concurrent
Event: 15254.965 Executing VM operation: G1Concurrent done
Event: 15255.705 Executing VM operation: G1CollectForAllocation
Event: 15260.544 Executing VM operation: G1CollectForAllocation done
Event: 15261.551 Executing VM operation: Cleanup
Event: 15261.694 Executing VM operation: Cleanup done
Event: 15262.599 Executing VM operation: G1Concurrent
Event: 15262.641 Executing VM operation: G1Concurrent done
Event: 15262.676 Executing VM operation: G1CollectForAllocation
Event: 15262.775 Executing VM operation: G1CollectForAllocation done
Event: 15262.790 Executing VM operation: G1CollectForAllocation

Events (20 events):
Event: 124.119 Thread 0x0000012598d53920 flushing nmethod 0x0000012588bf9c90
Event: 124.119 Thread 0x0000012598d53920 flushing nmethod 0x0000012588c01390
Event: 124.119 Thread 0x0000012598d53920 flushing nmethod 0x0000012588c3a890
Event: 124.119 Thread 0x0000012598d53920 flushing nmethod 0x0000012588c3be90
Event: 124.119 Thread 0x0000012598d53920 flushing nmethod 0x0000012588c42310
Event: 124.119 Thread 0x0000012598d53920 flushing nmethod 0x0000012588c42d10
Event: 124.119 Thread 0x0000012598d53920 flushing nmethod 0x0000012588c52d90
Event: 124.122 Thread 0x0000012598d53920 flushing nmethod 0x0000012588c6d990
Event: 124.122 Thread 0x0000012598d53920 flushing nmethod 0x0000012588c71810
Event: 124.122 Thread 0x0000012598d53920 flushing nmethod 0x0000012588c94790
Event: 124.122 Thread 0x0000012598d53920 flushing nmethod 0x0000012588c9d110
Event: 124.122 Thread 0x0000012598d53920 flushing nmethod 0x0000012588cb7f10
Event: 124.122 Thread 0x0000012598d53920 flushing nmethod 0x0000012588cbc990
Event: 124.124 Thread 0x0000012598d53920 flushing nmethod 0x0000012588d2e290
Event: 124.124 Thread 0x0000012598d53920 flushing nmethod 0x0000012588d8a510
Event: 124.132 Thread 0x0000012598d53920 flushing nmethod 0x0000012588d94a10
Event: 124.133 Thread 0x0000012598d53920 flushing nmethod 0x0000012588edb790
Event: 124.133 Thread 0x0000012598d53920 flushing nmethod 0x0000012588ee1810
Event: 124.133 Thread 0x0000012598d53920 flushing nmethod 0x0000012588f31b10
Event: 124.133 Thread 0x0000012598d53920 flushing nmethod 0x0000012588f32810


Dynamic libraries:
0x00007ff729e10000 - 0x00007ff729e20000 	C:\Program Files\Java\jdk-18.0.2.1\bin\java.exe
0x00007ffe84d10000 - 0x00007ffe84f27000 	C:\WINDOWS\SYSTEM32\ntdll.dll
0x00007ffe835e0000 - 0x00007ffe836a4000 	C:\WINDOWS\System32\KERNEL32.DLL
0x00007ffe82210000 - 0x00007ffe825b5000 	C:\WINDOWS\System32\KERNELBASE.dll
0x00007ffe825c0000 - 0x00007ffe826d1000 	C:\WINDOWS\System32\ucrtbase.dll
0x00007ffe24360000 - 0x00007ffe24378000 	C:\Program Files\Java\jdk-18.0.2.1\bin\jli.dll
0x00007ffe82ac0000 - 0x00007ffe82b71000 	C:\WINDOWS\System32\ADVAPI32.dll
0x00007ffe83f00000 - 0x00007ffe83fa7000 	C:\WINDOWS\System32\msvcrt.dll
0x00007ffe84060000 - 0x00007ffe84106000 	C:\WINDOWS\System32\sechost.dll
0x00007ffe82b80000 - 0x00007ffe82c97000 	C:\WINDOWS\System32\RPCRT4.dll
0x00007ffe847c0000 - 0x00007ffe8496e000 	C:\WINDOWS\System32\USER32.dll
0x00007ffe82780000 - 0x00007ffe827a6000 	C:\WINDOWS\System32\win32u.dll
0x00007ffe842a0000 - 0x00007ffe842c9000 	C:\WINDOWS\System32\GDI32.dll
0x00007ffe820f0000 - 0x00007ffe82209000 	C:\WINDOWS\System32\gdi32full.dll
0x00007ffe826e0000 - 0x00007ffe8277a000 	C:\WINDOWS\System32\msvcp_win.dll
0x00007ffe24380000 - 0x00007ffe2439a000 	C:\Program Files\Java\jdk-18.0.2.1\bin\VCRUNTIME140.dll
0x00007ffe6d870000 - 0x00007ffe6db03000 	C:\WINDOWS\WinSxS\amd64_microsoft.windows.common-controls_6595b64144ccf1df_6.0.22621.2506_none_270c5ae97388e100\COMCTL32.dll
0x00007ffe72210000 - 0x00007ffe7221a000 	C:\WINDOWS\SYSTEM32\VERSION.dll
0x00007ffe84970000 - 0x00007ffe849a1000 	C:\WINDOWS\System32\IMM32.DLL
0x00007ffe78ff0000 - 0x00007ffe78ffc000 	C:\Program Files\Java\jdk-18.0.2.1\bin\vcruntime140_1.dll
0x00007ffe242d0000 - 0x00007ffe2435d000 	C:\Program Files\Java\jdk-18.0.2.1\bin\msvcp140.dll
0x00007ffe23440000 - 0x00007ffe24051000 	C:\Program Files\Java\jdk-18.0.2.1\bin\server\jvm.dll
0x00007ffe84110000 - 0x00007ffe84118000 	C:\WINDOWS\System32\PSAPI.DLL
0x00007ffe5f740000 - 0x00007ffe5f749000 	C:\WINDOWS\SYSTEM32\WSOCK32.dll
0x00007ffe82ca0000 - 0x00007ffe82d11000 	C:\WINDOWS\System32\WS2_32.dll
0x00007ffe76a80000 - 0x00007ffe76ab4000 	C:\WINDOWS\SYSTEM32\WINMM.dll
0x00007ffe81020000 - 0x00007ffe81038000 	C:\WINDOWS\SYSTEM32\kernel.appcore.dll
0x00007ffe5a1a0000 - 0x00007ffe5a1aa000 	C:\Program Files\Java\jdk-18.0.2.1\bin\jimage.dll
0x00007ffe7f710000 - 0x00007ffe7f943000 	C:\WINDOWS\SYSTEM32\DBGHELP.DLL
0x00007ffe843d0000 - 0x00007ffe84759000 	C:\WINDOWS\System32\combase.dll
0x00007ffe841c0000 - 0x00007ffe84297000 	C:\WINDOWS\System32\OLEAUT32.dll
0x00007ffe67d90000 - 0x00007ffe67dc2000 	C:\WINDOWS\SYSTEM32\dbgcore.DLL
0x00007ffe829e0000 - 0x00007ffe82a5a000 	C:\WINDOWS\System32\bcryptPrimitives.dll
0x00007ffe242a0000 - 0x00007ffe242c5000 	C:\Program Files\Java\jdk-18.0.2.1\bin\java.dll
0x00007ffe23360000 - 0x00007ffe23436000 	C:\Program Files\Java\jdk-18.0.2.1\bin\jsvml.dll
0x00007ffe82d20000 - 0x00007ffe83579000 	C:\WINDOWS\System32\SHELL32.dll
0x00007ffe7ffa0000 - 0x00007ffe80894000 	C:\WINDOWS\SYSTEM32\windows.storage.dll
0x00007ffe7fe60000 - 0x00007ffe7ff9e000 	C:\WINDOWS\SYSTEM32\wintypes.dll
0x00007ffe842d0000 - 0x00007ffe843c3000 	C:\WINDOWS\System32\SHCORE.dll
0x00007ffe82a60000 - 0x00007ffe82abe000 	C:\WINDOWS\System32\shlwapi.dll
0x00007ffe81fb0000 - 0x00007ffe81fd6000 	C:\WINDOWS\SYSTEM32\profapi.dll
0x00007ffe24280000 - 0x00007ffe24293000 	C:\Program Files\Java\jdk-18.0.2.1\bin\net.dll
0x00007ffe7aa30000 - 0x00007ffe7ab67000 	C:\WINDOWS\SYSTEM32\WINHTTP.dll
0x00007ffe81500000 - 0x00007ffe81569000 	C:\WINDOWS\system32\mswsock.dll
0x00007ffe24260000 - 0x00007ffe24276000 	C:\Program Files\Java\jdk-18.0.2.1\bin\nio.dll
0x00007ffe24240000 - 0x00007ffe24258000 	C:\Program Files\Java\jdk-18.0.2.1\bin\zip.dll
0x00007ffe564d0000 - 0x00007ffe564e0000 	C:\Program Files\Java\jdk-18.0.2.1\bin\verify.dll
0x00007ffe463c0000 - 0x00007ffe463e7000 	C:\Users\Home\.gradle\native\68d5fa5c4cc2d200863cafc0d521ce42e7d3e7ee720ec0a83991735586a16f82\windows-amd64\native-platform.dll
0x00007ffe13660000 - 0x00007ffe137a4000 	C:\Users\Home\.gradle\native\e376f236ea51e6404a007f0833ffe2c6e607c4080706a723a18a27aeea778392\windows-amd64\native-platform-file-events.dll
0x00007ffe35c10000 - 0x00007ffe35c19000 	C:\Program Files\Java\jdk-18.0.2.1\bin\management.dll
0x00007ffe241e0000 - 0x00007ffe241eb000 	C:\Program Files\Java\jdk-18.0.2.1\bin\management_ext.dll
0x00007ffe81750000 - 0x00007ffe8176b000 	C:\WINDOWS\SYSTEM32\CRYPTSP.dll
0x00007ffe80fe0000 - 0x00007ffe81015000 	C:\WINDOWS\system32\rsaenh.dll
0x00007ffe815f0000 - 0x00007ffe8161c000 	C:\WINDOWS\SYSTEM32\USERENV.dll
0x00007ffe81940000 - 0x00007ffe81968000 	C:\WINDOWS\SYSTEM32\bcrypt.dll
0x00007ffe81770000 - 0x00007ffe8177c000 	C:\WINDOWS\SYSTEM32\CRYPTBASE.dll
0x00007ffe80af0000 - 0x00007ffe80b1d000 	C:\WINDOWS\SYSTEM32\IPHLPAPI.DLL
0x00007ffe84760000 - 0x00007ffe84769000 	C:\WINDOWS\System32\NSI.dll
0x00007ffe7ac50000 - 0x00007ffe7ac69000 	C:\WINDOWS\SYSTEM32\dhcpcsvc6.DLL
0x00007ffe7a5d0000 - 0x00007ffe7a5ef000 	C:\WINDOWS\SYSTEM32\dhcpcsvc.DLL
0x00007ffe80b20000 - 0x00007ffe80c19000 	C:\WINDOWS\SYSTEM32\DNSAPI.dll

dbghelp: loaded successfully - version: 4.0.5 - missing functions: none
symbol engine: initialized successfully - sym options: 0x614 - pdb path: .;C:\Program Files\Java\jdk-18.0.2.1\bin;C:\WINDOWS\SYSTEM32;C:\WINDOWS\WinSxS\amd64_microsoft.windows.common-controls_6595b64144ccf1df_6.0.22621.2506_none_270c5ae97388e100;C:\Program Files\Java\jdk-18.0.2.1\bin\server;C:\Users\Home\.gradle\native\68d5fa5c4cc2d200863cafc0d521ce42e7d3e7ee720ec0a83991735586a16f82\windows-amd64;C:\Users\Home\.gradle\native\e376f236ea51e6404a007f0833ffe2c6e607c4080706a723a18a27aeea778392\windows-amd64

VM Arguments:
jvm_args: -XX:MaxMetaspaceSize=512m --add-opens=java.base/java.util=ALL-UNNAMED --add-opens=java.base/java.lang=ALL-UNNAMED --add-opens=java.base/java.lang.invoke=ALL-UNNAMED --add-opens=java.prefs/java.util.prefs=ALL-UNNAMED --add-opens=java.base/java.nio.charset=ALL-UNNAMED --add-opens=java.base/java.net=ALL-UNNAMED --add-opens=java.base/java.util.concurrent.atomic=ALL-UNNAMED -Xmx2048m -Dfile.encoding=UTF-8 -Duser.country=CO -Duser.language=es -Duser.variant 
java_command: org.gradle.launcher.daemon.bootstrap.GradleDaemon 8.0.1
java_class_path (initial): C:\Users\Home\.gradle\wrapper\dists\gradle-8.0.1-all\aro4hu1c3oeioove7l0i4i14o\gradle-8.0.1\lib\gradle-launcher-8.0.1.jar
Launcher Type: SUN_STANDARD

[Global flags]
     intx CICompilerCount                          = 4                                         {product} {ergonomic}
   size_t CompressedClassSpaceSize                 = 432013312                                 {product} {ergonomic}
     uint ConcGCThreads                            = 2                                         {product} {ergonomic}
     uint G1ConcRefinementThreads                  = 8                                         {product} {ergonomic}
   size_t G1HeapRegionSize                         = 1048576                                   {product} {ergonomic}
    uintx GCDrainStackTargetSize                   = 64                                        {product} {ergonomic}
   size_t InitialHeapSize                          = 132120576                                 {product} {ergonomic}
   size_t MarkStackSize                            = 4194304                                   {product} {ergonomic}
   size_t MaxHeapSize                              = 2147483648                                {product} {command line}
   size_t MaxMetaspaceSize                         = 536870912                                 {product} {command line}
   size_t MaxNewSize                               = 1287651328                                {product} {ergonomic}
   size_t MinHeapDeltaBytes                        = 1048576                                   {product} {ergonomic}
   size_t MinHeapSize                              = 8388608                                   {product} {ergonomic}
    uintx NonNMethodCodeHeapSize                   = 5839372                                {pd product} {ergonomic}
    uintx NonProfiledCodeHeapSize                  = 122909434                              {pd product} {ergonomic}
    uintx ProfiledCodeHeapSize                     = 122909434                              {pd product} {ergonomic}
    uintx ReservedCodeCacheSize                    = 251658240                              {pd product} {ergonomic}
     bool SegmentedCodeCache                       = true                                      {product} {ergonomic}
   size_t SoftMaxHeapSize                          = 2147483648                             {manageable} {ergonomic}
     bool UseCompressedClassPointers               = true                           {product lp64_product} {ergonomic}
     bool UseCompressedOops                        = true                           {product lp64_product} {ergonomic}
     bool UseG1GC                                  = true                                      {product} {ergonomic}
     bool UseLargePagesIndividualAllocation        = false                                  {pd product} {ergonomic}

Logging:
Log output configuration:
 #0: stdout all=warning uptime,level,tags foldmultilines=false
 #1: stderr all=off uptime,level,tags foldmultilines=false

Environment Variables:
JAVA_HOME=C:\Program Files\Java\jdk-18.0.2.1
CLASSPATH=C:\Users\Home\Desktop\Proyecto U\Shopee-T\android\\gradle\wrapper\gradle-wrapper.jar
PATH=C:\Users\Home\Desktop\Proyecto U\Shopee-T\node_modules\.bin;C:\Users\Home\Desktop\Proyecto U\Shopee-T\node_modules\.bin;C:\Users\Home\Desktop\Proyecto U\node_modules\.bin;C:\Users\Home\Desktop\node_modules\.bin;C:\Users\Home\node_modules\.bin;C:\Users\node_modules\.bin;C:\node_modules\.bin;C:\Users\Home\AppData\Roaming\npm\node_modules\npm\node_modules\@npmcli\run-script\lib\node-gyp-bin;C:\Users\Home\AppData\Local\Temp\yarn--1700369714349-0.6608993334737976;C:\Users\Home\Desktop\Proyecto U\Shopee-T\node_modules\.bin;C:\Users\Home\AppData\Local\Yarn\Data\link\node_modules\.bin;C:\Users\Home\AppData\Local\Yarn\bin;C:\Program Files\libexec\lib\node_modules\npm\bin\node-gyp-bin;C:\Program Files\lib\node_modules\npm\bin\node-gyp-bin;C:\Program Files\nodejs\node_modules\npm\bin\node-gyp-bin;C:\Program Files\Python311\Scripts\;C:\Program Files\Python311\;C:\Program Files\Common Files\Oracle\Java\javapath;C:\Program Files (x86)\Common Files\Oracle\Java\javapath;C:\WINDOWS\system32;C:\WINDOWS;C:\WINDOWS\System32\Wbem;C:\WINDOWS\System32\WindowsPowerShell\v1.0\;C:\WINDOWS\System32\OpenSSH\;C:\Program Files (x86)\Microsoft SQL Server\150\DTS\Binn\;C:\Program Files\Azure Data Studio\bin;C:\Users\Home\AppData\Local\Android\Sdk\build-tools\29.0.3;C:\ProgramData\chocolatey\bin;C:\Program Files\Git\cmd;C:\Program Files\nodejs\;C:\Users\Home\.gradle;C:\Program Files\Java\jdk-18.0.2.1\bin;C:\Users\Home\AppData\Local\Microsoft\WindowsApps;C:\Users\Home\AppData\Local\Programs\Microsoft VS Code\bin;C:\gradle-7.4.2\bin;C:\Program Files\Azure Data Studio\bin;C:\Program Files\nodejs;C:\Users\Home\AppData\Local\Android\Sdk;C:\Users\Home\AppData\Local\Android\Sdk\platform-tools;C:\Users\Home\AppData\Roaming\npm;C:\Users\Home\.gradle;C:\Program Files\Java\jdk-18.0.2.1\bin;C:\Program Files\flutter\bin;
USERNAME=Home
LANG=en_US.UTF-8
OS=Windows_NT
PROCESSOR_IDENTIFIER=Intel64 Family 6 Model 140 Stepping 1, GenuineIntel



---------------  S Y S T E M  ---------------

OS:
 Windows 11 , 64 bit Build 22621 (10.0.22621.2506)
OS uptime: 0 days 4:16 hours

CPU: total 8 (initial active 8) (4 cores per cpu, 2 threads per core) family 6 model 140 stepping 1 microcode 0xa6, cx8, cmov, fxsr, ht, mmx, 3dnowpref, sse, sse2, sse3, ssse3, sse4.1, sse4.2, popcnt, lzcnt, tsc, tscinvbit, avx, avx2, aes, erms, clmul, bmi1, bmi2, adx, avx512f, avx512dq, avx512cd, avx512bw, avx512vl, sha, fma, vzeroupper, avx512_vpopcntdq, avx512_vpclmulqdq, avx512_vaes, avx512_vnni, clflush, clflushopt, clwb, avx512_vbmi2, avx512_vbmi

Memory: 4k page, system-wide physical 7975M (97M free)
TotalPageFile size 21945M (AvailPageFile size 21M)
current process WorkingSet (physical memory assigned to process): 111M, peak: 255M
current process commit charge ("private bytes"): 416M, peak: 721M

vm_info: Java HotSpot(TM) 64-Bit Server VM (18.0.2.1+1-1) for windows-amd64 JRE (18.0.2.1+1-1), built on Aug 16 2022 01:46:33 by "mach5one" with MS VC++ 16.8 / 16.9 (VS2019)

END.
